# JRE version: Java(TM) SE Runtime Environment (8.0_162-b12) (build 1.8.0_162-b12)
# Java VM: Java HotSpot(TM) 64-Bit Server VM (25.162-b12 mixed mode windows-amd64 compressed oops)
Heap:
 PSYoungGen      total 288768K, used 126855K [0x00000000d5580000, 0x00000000eaa80000, 0x0000000100000000)
  eden space 275456K, 41% used [0x00000000d5580000,0x00000000dc462fb8,0x00000000e6280000)
  from space 13312K, 99% used [0x00000000e9d80000,0x00000000eaa7ecd8,0x00000000eaa80000)
  to   space 16384K, 0% used [0x00000000e8a80000,0x00000000e8a80000,0x00000000e9a80000)
 ParOldGen       total 67072K, used 19416K [0x0000000080000000, 0x0000000084180000, 0x00000000d5580000)
  object space 67072K, 28% used [0x0000000080000000,0x00000000812f61f8,0x0000000084180000)
 Metaspace       used 52173K, capacity 54254K, committed 54528K, reserved 1095680K
  class space    used 7137K, capacity 7607K, committed 7680K, reserved 1048576K
GC Heap History (10 events):
Event: 3.340 GC heap before
{Heap before GC invocations=6 (full 1):
 PSYoungGen      total 105984K, used 7076K [0x00000000d5580000, 0x00000000e2c80000, 0x0000000100000000)
  eden space 98304K, 0% used [0x00000000d5580000,0x00000000d5580000,0x00000000db580000)
  from space 7680K, 92% used [0x00000000db580000,0x00000000dbc69050,0x00000000dbd00000)
  to   space 11776K, 0% used [0x00000000e2100000,0x00000000e2100000,0x00000000e2c80000)
 ParOldGen       total 130048K, used 4062K [0x0000000080000000, 0x0000000087f00000, 0x00000000d5580000)
  object space 130048K, 3% used [0x0000000080000000,0x00000000803f78e0,0x0000000087f00000)
 Metaspace       used 20593K, capacity 21246K, committed 21296K, reserved 1067008K
  class space    used 2953K, capacity 3169K, committed 3200K, reserved 1048576K
Event: 3.366 GC heap after
Heap after GC invocations=6 (full 1):
 PSYoungGen      total 105984K, used 0K [0x00000000d5580000, 0x00000000e2c80000, 0x0000000100000000)
  eden space 98304K, 0% used [0x00000000d5580000,0x00000000d5580000,0x00000000db580000)
  from space 7680K, 0% used [0x00000000db580000,0x00000000db580000,0x00000000dbd00000)
  to   space 11776K, 0% used [0x00000000e2100000,0x00000000e2100000,0x00000000e2c80000)
 ParOldGen       total 67072K, used 7338K [0x0000000080000000, 0x0000000084180000, 0x00000000d5580000)
  object space 67072K, 10% used [0x0000000080000000,0x000000008072a850,0x0000000084180000)
 Metaspace       used 20593K, capacity 21246K, committed 21296K, reserved 1067008K
  class space    used 2953K, capacity 3169K, committed 3200K, reserved 1048576K
}
Event: 4.200 GC heap before
{Heap before GC invocations=7 (full 1):
 PSYoungGen      total 105984K, used 98304K [0x00000000d5580000, 0x00000000e2c80000, 0x0000000100000000)
  eden space 98304K, 100% used [0x00000000d5580000,0x00000000db580000,0x00000000db580000)
  from space 7680K, 0% used [0x00000000db580000,0x00000000db580000,0x00000000dbd00000)
  to   space 11776K, 0% used [0x00000000e2100000,0x00000000e2100000,0x00000000e2c80000)
 ParOldGen       total 67072K, used 7338K [0x0000000080000000, 0x0000000084180000, 0x00000000d5580000)
  object space 67072K, 10% used [0x0000000080000000,0x000000008072a850,0x0000000084180000)
 Metaspace       used 31111K, capacity 32068K, committed 32256K, reserved 1077248K
  class space    used 4320K, capacity 4559K, committed 4608K, reserved 1048576K
Event: 4.207 GC heap after
Heap after GC invocations=7 (full 1):
 PSYoungGen      total 190464K, used 11219K [0x00000000d5580000, 0x00000000e2c00000, 0x0000000100000000)
  eden space 179200K, 0% used [0x00000000d5580000,0x00000000d5580000,0x00000000e0480000)
  from space 11264K, 99% used [0x00000000e2100000,0x00000000e2bf4f08,0x00000000e2c00000)
  to   space 13312K, 0% used [0x00000000e1200000,0x00000000e1200000,0x00000000e1f00000)
 ParOldGen       total 67072K, used 7346K [0x0000000080000000, 0x0000000084180000, 0x00000000d5580000)
  object space 67072K, 10% used [0x0000000080000000,0x000000008072c850,0x0000000084180000)
 Metaspace       used 31111K, capacity 32068K, committed 32256K, reserved 1077248K
  class space    used 4320K, capacity 4559K, committed 4608K, reserved 1048576K
}
Event: 4.690 GC heap before
{Heap before GC invocations=8 (full 1):
 PSYoungGen      total 190464K, used 79973K [0x00000000d5580000, 0x00000000e2c00000, 0x0000000100000000)
  eden space 179200K, 38% used [0x00000000d5580000,0x00000000d98a46c0,0x00000000e0480000)
  from space 11264K, 99% used [0x00000000e2100000,0x00000000e2bf4f08,0x00000000e2c00000)
  to   space 13312K, 0% used [0x00000000e1200000,0x00000000e1200000,0x00000000e1f00000)
 ParOldGen       total 67072K, used 7346K [0x0000000080000000, 0x0000000084180000, 0x00000000d5580000)
  object space 67072K, 10% used [0x0000000080000000,0x000000008072c850,0x0000000084180000)
 Metaspace       used 34150K, capacity 35274K, committed 35456K, reserved 1079296K
  class space    used 4813K, capacity 5126K, committed 5248K, reserved 1048576K
Event: 4.699 GC heap after
Heap after GC invocations=8 (full 1):
 PSYoungGen      total 206336K, used 9759K [0x00000000d5580000, 0x00000000eaa80000, 0x0000000100000000)
  eden space 193024K, 0% used [0x00000000d5580000,0x00000000d5580000,0x00000000e1200000)
  from space 13312K, 73% used [0x00000000e1200000,0x00000000e1b87f30,0x00000000e1f00000)
  to   space 13312K, 0% used [0x00000000e9d80000,0x00000000e9d80000,0x00000000eaa80000)
 ParOldGen       total 67072K, used 7354K [0x0000000080000000, 0x0000000084180000, 0x00000000d5580000)
  object space 67072K, 10% used [0x0000000080000000,0x000000008072e850,0x0000000084180000)
 Metaspace       used 34150K, capacity 35274K, committed 35456K, reserved 1079296K
  class space    used 4813K, capacity 5126K, committed 5248K, reserved 1048576K
}
Event: 4.699 GC heap before
{Heap before GC invocations=9 (full 2):
 PSYoungGen      total 206336K, used 9759K [0x00000000d5580000, 0x00000000eaa80000, 0x0000000100000000)
  eden space 193024K, 0% used [0x00000000d5580000,0x00000000d5580000,0x00000000e1200000)
  from space 13312K, 73% used [0x00000000e1200000,0x00000000e1b87f30,0x00000000e1f00000)
  to   space 13312K, 0% used [0x00000000e9d80000,0x00000000e9d80000,0x00000000eaa80000)
 ParOldGen       total 67072K, used 7354K [0x0000000080000000, 0x0000000084180000, 0x00000000d5580000)
  object space 67072K, 10% used [0x0000000080000000,0x000000008072e850,0x0000000084180000)
 Metaspace       used 34150K, capacity 35274K, committed 35456K, reserved 1079296K
  class space    used 4813K, capacity 5126K, committed 5248K, reserved 1048576K
Event: 4.786 GC heap after
Heap after GC invocations=9 (full 2):
 PSYoungGen      total 206336K, used 0K [0x00000000d5580000, 0x00000000eaa80000, 0x0000000100000000)
  eden space 193024K, 0% used [0x00000000d5580000,0x00000000d5580000,0x00000000e1200000)
  from space 13312K, 0% used [0x00000000e1200000,0x00000000e1200000,0x00000000e1f00000)
  to   space 13312K, 0% used [0x00000000e9d80000,0x00000000e9d80000,0x00000000eaa80000)
 ParOldGen       total 67072K, used 15933K [0x0000000080000000, 0x0000000084180000, 0x00000000d5580000)
  object space 67072K, 23% used [0x0000000080000000,0x0000000080f8f428,0x0000000084180000)
 Metaspace       used 34150K, capacity 35274K, committed 35456K, reserved 1079296K
  class space    used 4813K, capacity 5126K, committed 5248K, reserved 1048576K
}
Event: 6.584 GC heap before
{Heap before GC invocations=10 (full 2):
 PSYoungGen      total 206336K, used 193024K [0x00000000d5580000, 0x00000000eaa80000, 0x0000000100000000)
  eden space 193024K, 100% used [0x00000000d5580000,0x00000000e1200000,0x00000000e1200000)
  from space 13312K, 0% used [0x00000000e1200000,0x00000000e1200000,0x00000000e1f00000)
  to   space 13312K, 0% used [0x00000000e9d80000,0x00000000e9d80000,0x00000000eaa80000)
 ParOldGen       total 67072K, used 15933K [0x0000000080000000, 0x0000000084180000, 0x00000000d5580000)
  object space 67072K, 23% used [0x0000000080000000,0x0000000080f8f428,0x0000000084180000)
 Metaspace       used 45579K, capacity 47456K, committed 47744K, reserved 1089536K
  class space    used 6306K, capacity 6729K, committed 6784K, reserved 1048576K
Event: 6.606 GC heap after
Heap after GC invocations=10 (full 2):
 PSYoungGen      total 288768K, used 13307K [0x00000000d5580000, 0x00000000eaa80000, 0x0000000100000000)
  eden space 275456K, 0% used [0x00000000d5580000,0x00000000d5580000,0x00000000e6280000)
  from space 13312K, 99% used [0x00000000e9d80000,0x00000000eaa7ecd8,0x00000000eaa80000)
  to   space 16384K, 0% used [0x00000000e8a80000,0x00000000e8a80000,0x00000000e9a80000)
 ParOldGen       total 67072K, used 19416K [0x0000000080000000, 0x0000000084180000, 0x00000000d5580000)
  object space 67072K, 28% used [0x0000000080000000,0x00000000812f61f8,0x0000000084180000)
 Metaspace       used 45579K, capacity 47456K, committed 47744K, reserved 1089536K
  class space    used 6306K, capacity 6729K, committed 6784K, reserved 1048576K
}

