# JRE version: Java(TM) SE Runtime Environment (8.0_162-b12) (build 1.8.0_162-b12)
# Java VM: Java HotSpot(TM) 64-Bit Server VM (25.162-b12 mixed mode windows-amd64 compressed oops)
Heap:
 PSYoungGen      total 204288K, used 44504K [0x00000000d5580000, 0x00000000e5500000, 0x0000000100000000)
  eden space 193024K, 17% used [0x00000000d5580000,0x00000000d75fe128,0x00000000e1200000)
  from space 11264K, 99% used [0x00000000e2100000,0x00000000e2bf80b0,0x00000000e2c00000)
  to   space 15360K, 0% used [0x00000000e1200000,0x00000000e1200000,0x00000000e2100000)
 ParOldGen       total 115200K, used 19058K [0x0000000080000000, 0x0000000087080000, 0x00000000d5580000)
  object space 115200K, 16% used [0x0000000080000000,0x000000008129c828,0x0000000087080000)
 Metaspace       used 45613K, capacity 47486K, committed 47744K, reserved 1089536K
  class space    used 6328K, capacity 6712K, committed 6784K, reserved 1048576K
GC Heap History (10 events):
Event: 2.488 GC heap before
{Heap before GC invocations=6 (full 1):
 PSYoungGen      total 105984K, used 7044K [0x00000000d5580000, 0x00000000e2c80000, 0x0000000100000000)
  eden space 98304K, 0% used [0x00000000d5580000,0x00000000d5580000,0x00000000db580000)
  from space 7680K, 91% used [0x00000000db580000,0x00000000dbc61050,0x00000000dbd00000)
  to   space 11776K, 0% used [0x00000000e2100000,0x00000000e2100000,0x00000000e2c80000)
 ParOldGen       total 130048K, used 3901K [0x0000000080000000, 0x0000000087f00000, 0x00000000d5580000)
  object space 130048K, 2% used [0x0000000080000000,0x00000000803cf478,0x0000000087f00000)
 Metaspace       used 20569K, capacity 21234K, committed 21296K, reserved 1067008K
  class space    used 2954K, capacity 3169K, committed 3200K, reserved 1048576K
Event: 2.511 GC heap after
Heap after GC invocations=6 (full 1):
 PSYoungGen      total 105984K, used 0K [0x00000000d5580000, 0x00000000e2c80000, 0x0000000100000000)
  eden space 98304K, 0% used [0x00000000d5580000,0x00000000d5580000,0x00000000db580000)
  from space 7680K, 0% used [0x00000000db580000,0x00000000db580000,0x00000000dbd00000)
  to   space 11776K, 0% used [0x00000000e2100000,0x00000000e2100000,0x00000000e2c80000)
 ParOldGen       total 69632K, used 7377K [0x0000000080000000, 0x0000000084400000, 0x00000000d5580000)
  object space 69632K, 10% used [0x0000000080000000,0x00000000807346b0,0x0000000084400000)
 Metaspace       used 20569K, capacity 21234K, committed 21296K, reserved 1067008K
  class space    used 2954K, capacity 3169K, committed 3200K, reserved 1048576K
}
Event: 3.304 GC heap before
{Heap before GC invocations=7 (full 1):
 PSYoungGen      total 105984K, used 98304K [0x00000000d5580000, 0x00000000e2c80000, 0x0000000100000000)
  eden space 98304K, 100% used [0x00000000d5580000,0x00000000db580000,0x00000000db580000)
  from space 7680K, 0% used [0x00000000db580000,0x00000000db580000,0x00000000dbd00000)
  to   space 11776K, 0% used [0x00000000e2100000,0x00000000e2100000,0x00000000e2c80000)
 ParOldGen       total 69632K, used 7377K [0x0000000080000000, 0x0000000084400000, 0x00000000d5580000)
  object space 69632K, 10% used [0x0000000080000000,0x00000000807346b0,0x0000000084400000)
 Metaspace       used 31128K, capacity 32120K, committed 32256K, reserved 1077248K
  class space    used 4328K, capacity 4559K, committed 4608K, reserved 1048576K
Event: 3.311 GC heap after
Heap after GC invocations=7 (full 1):
 PSYoungGen      total 184320K, used 11192K [0x00000000d5580000, 0x00000000e2c00000, 0x0000000100000000)
  eden space 173056K, 0% used [0x00000000d5580000,0x00000000d5580000,0x00000000dfe80000)
  from space 11264K, 99% used [0x00000000e2100000,0x00000000e2bee220,0x00000000e2c00000)
  to   space 12800K, 0% used [0x00000000e1300000,0x00000000e1300000,0x00000000e1f80000)
 ParOldGen       total 69632K, used 7385K [0x0000000080000000, 0x0000000084400000, 0x00000000d5580000)
  object space 69632K, 10% used [0x0000000080000000,0x00000000807366b0,0x0000000084400000)
 Metaspace       used 31128K, capacity 32120K, committed 32256K, reserved 1077248K
  class space    used 4328K, capacity 4559K, committed 4608K, reserved 1048576K
}
Event: 3.773 GC heap before
{Heap before GC invocations=8 (full 1):
 PSYoungGen      total 184320K, used 82842K [0x00000000d5580000, 0x00000000e2c00000, 0x0000000100000000)
  eden space 173056K, 41% used [0x00000000d5580000,0x00000000d9b78760,0x00000000dfe80000)
  from space 11264K, 99% used [0x00000000e2100000,0x00000000e2bee220,0x00000000e2c00000)
  to   space 12800K, 0% used [0x00000000e1300000,0x00000000e1300000,0x00000000e1f80000)
 ParOldGen       total 69632K, used 7385K [0x0000000080000000, 0x0000000084400000, 0x00000000d5580000)
  object space 69632K, 10% used [0x0000000080000000,0x00000000807366b0,0x0000000084400000)
 Metaspace       used 34241K, capacity 35326K, committed 35456K, reserved 1079296K
  class space    used 4836K, capacity 5126K, committed 5248K, reserved 1048576K
Event: 3.789 GC heap after
Heap after GC invocations=8 (full 1):
 PSYoungGen      total 185856K, used 9852K [0x00000000d5580000, 0x00000000e2c00000, 0x0000000100000000)
  eden space 173056K, 0% used [0x00000000d5580000,0x00000000d5580000,0x00000000dfe80000)
  from space 12800K, 76% used [0x00000000e1300000,0x00000000e1c9f2f0,0x00000000e1f80000)
  to   space 11264K, 0% used [0x00000000e2100000,0x00000000e2100000,0x00000000e2c00000)
 ParOldGen       total 69632K, used 7393K [0x0000000080000000, 0x0000000084400000, 0x00000000d5580000)
  object space 69632K, 10% used [0x0000000080000000,0x00000000807386b0,0x0000000084400000)
 Metaspace       used 34241K, capacity 35326K, committed 35456K, reserved 1079296K
  class space    used 4836K, capacity 5126K, committed 5248K, reserved 1048576K
}
Event: 3.789 GC heap before
{Heap before GC invocations=9 (full 2):
 PSYoungGen      total 185856K, used 9852K [0x00000000d5580000, 0x00000000e2c00000, 0x0000000100000000)
  eden space 173056K, 0% used [0x00000000d5580000,0x00000000d5580000,0x00000000dfe80000)
  from space 12800K, 76% used [0x00000000e1300000,0x00000000e1c9f2f0,0x00000000e1f80000)
  to   space 11264K, 0% used [0x00000000e2100000,0x00000000e2100000,0x00000000e2c00000)
 ParOldGen       total 69632K, used 7393K [0x0000000080000000, 0x0000000084400000, 0x00000000d5580000)
  object space 69632K, 10% used [0x0000000080000000,0x00000000807386b0,0x0000000084400000)
 Metaspace       used 34241K, capacity 35326K, committed 35456K, reserved 1079296K
  class space    used 4836K, capacity 5126K, committed 5248K, reserved 1048576K
Event: 3.909 GC heap after
Heap after GC invocations=9 (full 2):
 PSYoungGen      total 185856K, used 0K [0x00000000d5580000, 0x00000000e2c00000, 0x0000000100000000)
  eden space 173056K, 0% used [0x00000000d5580000,0x00000000d5580000,0x00000000dfe80000)
  from space 12800K, 0% used [0x00000000e1300000,0x00000000e1300000,0x00000000e1f80000)
  to   space 11264K, 0% used [0x00000000e2100000,0x00000000e2100000,0x00000000e2c00000)
 ParOldGen       total 115200K, used 16054K [0x0000000080000000, 0x0000000087080000, 0x00000000d5580000)
  object space 115200K, 13% used [0x0000000080000000,0x0000000080fad898,0x0000000087080000)
 Metaspace       used 34241K, capacity 35326K, committed 35456K, reserved 1079296K
  class space    used 4836K, capacity 5126K, committed 5248K, reserved 1048576K
}
Event: 5.171 GC heap before
{Heap before GC invocations=10 (full 2):
 PSYoungGen      total 185856K, used 173056K [0x00000000d5580000, 0x00000000e2c00000, 0x0000000100000000)
  eden space 173056K, 100% used [0x00000000d5580000,0x00000000dfe80000,0x00000000dfe80000)
  from space 12800K, 0% used [0x00000000e1300000,0x00000000e1300000,0x00000000e1f80000)
  to   space 11264K, 0% used [0x00000000e2100000,0x00000000e2100000,0x00000000e2c00000)
 ParOldGen       total 115200K, used 16054K [0x0000000080000000, 0x0000000087080000, 0x00000000d5580000)
  object space 115200K, 13% used [0x0000000080000000,0x0000000080fad898,0x0000000087080000)
 Metaspace       used 43078K, capacity 44834K, committed 45184K, reserved 1087488K
  class space    used 6007K, capacity 6438K, committed 6528K, reserved 1048576K
Event: 5.178 GC heap after
Heap after GC invocations=10 (full 2):
 PSYoungGen      total 204288K, used 11232K [0x00000000d5580000, 0x00000000e5500000, 0x0000000100000000)
  eden space 193024K, 0% used [0x00000000d5580000,0x00000000d5580000,0x00000000e1200000)
  from space 11264K, 99% used [0x00000000e2100000,0x00000000e2bf80b0,0x00000000e2c00000)
  to   space 15360K, 0% used [0x00000000e1200000,0x00000000e1200000,0x00000000e2100000)
 ParOldGen       total 115200K, used 19058K [0x0000000080000000, 0x0000000087080000, 0x00000000d5580000)
  object space 115200K, 16% used [0x0000000080000000,0x000000008129c828,0x0000000087080000)
 Metaspace       used 43078K, capacity 44834K, committed 45184K, reserved 1087488K
  class space    used 6007K, capacity 6438K, committed 6528K, reserved 1048576K
}

