# JRE version: Java(TM) SE Runtime Environment (8.0_162-b12) (build 1.8.0_162-b12)
# Java VM: Java HotSpot(TM) 64-Bit Server VM (25.162-b12 mixed mode windows-amd64 compressed oops)
Heap:
 PSYoungGen      total 231936K, used 33431K [0x00000000d5580000, 0x00000000e4b80000, 0x0000000100000000)
  eden space 216064K, 15% used [0x00000000d5580000,0x00000000d7625f88,0x00000000e2880000)
  from space 15872K, 0% used [0x00000000e3880000,0x00000000e3880000,0x00000000e4800000)
  to   space 16384K, 0% used [0x00000000e2880000,0x00000000e2880000,0x00000000e3880000)
 ParOldGen       total 101888K, used 14877K [0x0000000080000000, 0x0000000086380000, 0x00000000d5580000)
  object space 101888K, 14% used [0x0000000080000000,0x0000000080e87628,0x0000000086380000)
 Metaspace       used 36842K, capacity 38196K, committed 38400K, reserved 1083392K
  class space    used 5008K, capacity 5331K, committed 5376K, reserved 1048576K
GC Heap History (10 events):
Event: 4.000 GC heap before
{Heap before GC invocations=8 (full 1):
 PSYoungGen      total 99840K, used 99839K [0x00000000d5580000, 0x00000000e1c00000, 0x0000000100000000)
  eden space 92160K, 100% used [0x00000000d5580000,0x00000000daf80000,0x00000000daf80000)
  from space 7680K, 99% used [0x00000000dbd00000,0x00000000dc47fd20,0x00000000dc480000)
  to   space 13824K, 0% used [0x00000000daf80000,0x00000000daf80000,0x00000000dbd00000)
 ParOldGen       total 68608K, used 11898K [0x0000000080000000, 0x0000000084300000, 0x00000000d5580000)
  object space 68608K, 17% used [0x0000000080000000,0x0000000080b9e930,0x0000000084300000)
 Metaspace       used 33464K, capacity 34680K, committed 34944K, reserved 1079296K
  class space    used 4638K, capacity 4954K, committed 4992K, reserved 1048576K
Event: 4.005 GC heap after
Heap after GC invocations=8 (full 1):
 PSYoungGen      total 105984K, used 11205K [0x00000000d5580000, 0x00000000e0d80000, 0x0000000100000000)
  eden space 92160K, 0% used [0x00000000d5580000,0x00000000d5580000,0x00000000daf80000)
  from space 13824K, 81% used [0x00000000daf80000,0x00000000dba716c0,0x00000000dbd00000)
  to   space 14336K, 0% used [0x00000000dff80000,0x00000000dff80000,0x00000000e0d80000)
 ParOldGen       total 68608K, used 11906K [0x0000000080000000, 0x0000000084300000, 0x00000000d5580000)
  object space 68608K, 17% used [0x0000000080000000,0x0000000080ba0930,0x0000000084300000)
 Metaspace       used 33464K, capacity 34680K, committed 34944K, reserved 1079296K
  class space    used 4638K, capacity 4954K, committed 4992K, reserved 1048576K
}
Event: 4.470 GC heap before
{Heap before GC invocations=9 (full 1):
 PSYoungGen      total 105984K, used 103365K [0x00000000d5580000, 0x00000000e0d80000, 0x0000000100000000)
  eden space 92160K, 100% used [0x00000000d5580000,0x00000000daf80000,0x00000000daf80000)
  from space 13824K, 81% used [0x00000000daf80000,0x00000000dba716c0,0x00000000dbd00000)
  to   space 14336K, 0% used [0x00000000dff80000,0x00000000dff80000,0x00000000e0d80000)
 ParOldGen       total 68608K, used 11906K [0x0000000080000000, 0x0000000084300000, 0x00000000d5580000)
  object space 68608K, 17% used [0x0000000080000000,0x0000000080ba0930,0x0000000084300000)
 Metaspace       used 33469K, capacity 34680K, committed 34944K, reserved 1079296K
  class space    used 4638K, capacity 4954K, committed 4992K, reserved 1048576K
Event: 4.475 GC heap after
Heap after GC invocations=9 (full 1):
 PSYoungGen      total 168960K, used 11542K [0x00000000d5580000, 0x00000000e0c00000, 0x0000000100000000)
  eden space 156160K, 0% used [0x00000000d5580000,0x00000000d5580000,0x00000000dee00000)
  from space 12800K, 90% used [0x00000000dff80000,0x00000000e0ac5ba8,0x00000000e0c00000)
  to   space 15360K, 0% used [0x00000000dee00000,0x00000000dee00000,0x00000000dfd00000)
 ParOldGen       total 68608K, used 11906K [0x0000000080000000, 0x0000000084300000, 0x00000000d5580000)
  object space 68608K, 17% used [0x0000000080000000,0x0000000080ba0930,0x0000000084300000)
 Metaspace       used 33469K, capacity 34680K, committed 34944K, reserved 1079296K
  class space    used 4638K, capacity 4954K, committed 4992K, reserved 1048576K
}
Event: 5.259 GC heap before
{Heap before GC invocations=10 (full 1):
 PSYoungGen      total 168960K, used 167702K [0x00000000d5580000, 0x00000000e0c00000, 0x0000000100000000)
  eden space 156160K, 100% used [0x00000000d5580000,0x00000000dee00000,0x00000000dee00000)
  from space 12800K, 90% used [0x00000000dff80000,0x00000000e0ac5ba8,0x00000000e0c00000)
  to   space 15360K, 0% used [0x00000000dee00000,0x00000000dee00000,0x00000000dfd00000)
 ParOldGen       total 68608K, used 11906K [0x0000000080000000, 0x0000000084300000, 0x00000000d5580000)
  object space 68608K, 17% used [0x0000000080000000,0x0000000080ba0930,0x0000000084300000)
 Metaspace       used 33485K, capacity 34680K, committed 34944K, reserved 1079296K
  class space    used 4639K, capacity 4954K, committed 4992K, reserved 1048576K
Event: 5.264 GC heap after
Heap after GC invocations=10 (full 1):
 PSYoungGen      total 171520K, used 2304K [0x00000000d5580000, 0x00000000e4800000, 0x0000000100000000)
  eden space 156160K, 0% used [0x00000000d5580000,0x00000000d5580000,0x00000000dee00000)
  from space 15360K, 15% used [0x00000000dee00000,0x00000000df040000,0x00000000dfd00000)
  to   space 15872K, 0% used [0x00000000e3880000,0x00000000e3880000,0x00000000e4800000)
 ParOldGen       total 68608K, used 17295K [0x0000000080000000, 0x0000000084300000, 0x00000000d5580000)
  object space 68608K, 25% used [0x0000000080000000,0x00000000810e3da8,0x0000000084300000)
 Metaspace       used 33485K, capacity 34680K, committed 34944K, reserved 1079296K
  class space    used 4639K, capacity 4954K, committed 4992K, reserved 1048576K
}
Event: 5.327 GC heap before
{Heap before GC invocations=11 (full 1):
 PSYoungGen      total 171520K, used 8299K [0x00000000d5580000, 0x00000000e4800000, 0x0000000100000000)
  eden space 156160K, 3% used [0x00000000d5580000,0x00000000d5b5ac58,0x00000000dee00000)
  from space 15360K, 15% used [0x00000000dee00000,0x00000000df040000,0x00000000dfd00000)
  to   space 15872K, 0% used [0x00000000e3880000,0x00000000e3880000,0x00000000e4800000)
 ParOldGen       total 68608K, used 17295K [0x0000000080000000, 0x0000000084300000, 0x00000000d5580000)
  object space 68608K, 25% used [0x0000000080000000,0x00000000810e3da8,0x0000000084300000)
 Metaspace       used 34248K, capacity 35416K, committed 35496K, reserved 1079296K
  class space    used 4745K, capacity 5050K, committed 5120K, reserved 1048576K
Event: 5.329 GC heap after
Heap after GC invocations=11 (full 1):
 PSYoungGen      total 231936K, used 1022K [0x00000000d5580000, 0x00000000e4b80000, 0x0000000100000000)
  eden space 216064K, 0% used [0x00000000d5580000,0x00000000d5580000,0x00000000e2880000)
  from space 15872K, 6% used [0x00000000e3880000,0x00000000e397f8f8,0x00000000e4800000)
  to   space 16384K, 0% used [0x00000000e2880000,0x00000000e2880000,0x00000000e3880000)
 ParOldGen       total 68608K, used 19434K [0x0000000080000000, 0x0000000084300000, 0x00000000d5580000)
  object space 68608K, 28% used [0x0000000080000000,0x00000000812faa80,0x0000000084300000)
 Metaspace       used 34248K, capacity 35416K, committed 35496K, reserved 1079296K
  class space    used 4745K, capacity 5050K, committed 5120K, reserved 1048576K
}
Event: 5.329 GC heap before
{Heap before GC invocations=12 (full 2):
 PSYoungGen      total 231936K, used 1022K [0x00000000d5580000, 0x00000000e4b80000, 0x0000000100000000)
  eden space 216064K, 0% used [0x00000000d5580000,0x00000000d5580000,0x00000000e2880000)
  from space 15872K, 6% used [0x00000000e3880000,0x00000000e397f8f8,0x00000000e4800000)
  to   space 16384K, 0% used [0x00000000e2880000,0x00000000e2880000,0x00000000e3880000)
 ParOldGen       total 68608K, used 19434K [0x0000000080000000, 0x0000000084300000, 0x00000000d5580000)
  object space 68608K, 28% used [0x0000000080000000,0x00000000812faa80,0x0000000084300000)
 Metaspace       used 34248K, capacity 35416K, committed 35496K, reserved 1079296K
  class space    used 4745K, capacity 5050K, committed 5120K, reserved 1048576K
Event: 5.410 GC heap after
Heap after GC invocations=12 (full 2):
 PSYoungGen      total 231936K, used 0K [0x00000000d5580000, 0x00000000e4b80000, 0x0000000100000000)
  eden space 216064K, 0% used [0x00000000d5580000,0x00000000d5580000,0x00000000e2880000)
  from space 15872K, 0% used [0x00000000e3880000,0x00000000e3880000,0x00000000e4800000)
  to   space 16384K, 0% used [0x00000000e2880000,0x00000000e2880000,0x00000000e3880000)
 ParOldGen       total 101888K, used 14877K [0x0000000080000000, 0x0000000086380000, 0x00000000d5580000)
  object space 101888K, 14% used [0x0000000080000000,0x0000000080e87628,0x0000000086380000)
 Metaspace       used 34248K, capacity 35416K, committed 35496K, reserved 1079296K
  class space    used 4745K, capacity 5050K, committed 5120K, reserved 1048576K
}

