# JRE version: Java(TM) SE Runtime Environment (8.0_162-b12) (build 1.8.0_162-b12)
# Java VM: Java HotSpot(TM) 64-Bit Server VM (25.162-b12 mixed mode windows-amd64 compressed oops)
Heap:
 PSYoungGen      total 187392K, used 164440K [0x00000000d5580000, 0x00000000e2c00000, 0x0000000100000000)
  eden space 176128K, 86% used [0x00000000d5580000,0x00000000deb1c3e0,0x00000000e0180000)
  from space 11264K, 99% used [0x00000000e2100000,0x00000000e2bf9f68,0x00000000e2c00000)
  to   space 13312K, 0% used [0x00000000e1200000,0x00000000e1200000,0x00000000e1f00000)
 ParOldGen       total 107008K, used 19537K [0x0000000080000000, 0x0000000086880000, 0x00000000d5580000)
  object space 107008K, 18% used [0x0000000080000000,0x0000000081314588,0x0000000086880000)
 Metaspace       used 52991K, capacity 55142K, committed 55424K, reserved 1097728K
  class space    used 7259K, capacity 7762K, committed 7808K, reserved 1048576K
GC Heap History (10 events):
Event: 2.598 GC heap before
{Heap before GC invocations=6 (full 1):
 PSYoungGen      total 105984K, used 6960K [0x00000000d5580000, 0x00000000e2c80000, 0x0000000100000000)
  eden space 98304K, 0% used [0x00000000d5580000,0x00000000d5580000,0x00000000db580000)
  from space 7680K, 90% used [0x00000000db580000,0x00000000dbc4c040,0x00000000dbd00000)
  to   space 11776K, 0% used [0x00000000e2100000,0x00000000e2100000,0x00000000e2c80000)
 ParOldGen       total 130048K, used 4131K [0x0000000080000000, 0x0000000087f00000, 0x00000000d5580000)
  object space 130048K, 3% used [0x0000000080000000,0x0000000080408ec8,0x0000000087f00000)
 Metaspace       used 20572K, capacity 21242K, committed 21296K, reserved 1067008K
  class space    used 2954K, capacity 3169K, committed 3200K, reserved 1048576K
Event: 2.628 GC heap after
Heap after GC invocations=6 (full 1):
 PSYoungGen      total 105984K, used 0K [0x00000000d5580000, 0x00000000e2c80000, 0x0000000100000000)
  eden space 98304K, 0% used [0x00000000d5580000,0x00000000d5580000,0x00000000db580000)
  from space 7680K, 0% used [0x00000000db580000,0x00000000db580000,0x00000000dbd00000)
  to   space 11776K, 0% used [0x00000000e2100000,0x00000000e2100000,0x00000000e2c80000)
 ParOldGen       total 68096K, used 7292K [0x0000000080000000, 0x0000000084280000, 0x00000000d5580000)
  object space 68096K, 10% used [0x0000000080000000,0x000000008071f258,0x0000000084280000)
 Metaspace       used 20572K, capacity 21242K, committed 21296K, reserved 1067008K
  class space    used 2954K, capacity 3169K, committed 3200K, reserved 1048576K
}
Event: 3.585 GC heap before
{Heap before GC invocations=7 (full 1):
 PSYoungGen      total 105984K, used 98304K [0x00000000d5580000, 0x00000000e2c80000, 0x0000000100000000)
  eden space 98304K, 100% used [0x00000000d5580000,0x00000000db580000,0x00000000db580000)
  from space 7680K, 0% used [0x00000000db580000,0x00000000db580000,0x00000000dbd00000)
  to   space 11776K, 0% used [0x00000000e2100000,0x00000000e2100000,0x00000000e2c80000)
 ParOldGen       total 68096K, used 7292K [0x0000000080000000, 0x0000000084280000, 0x00000000d5580000)
  object space 68096K, 10% used [0x0000000080000000,0x000000008071f258,0x0000000084280000)
 Metaspace       used 31134K, capacity 32064K, committed 32256K, reserved 1077248K
  class space    used 4328K, capacity 4559K, committed 4608K, reserved 1048576K
Event: 3.593 GC heap after
Heap after GC invocations=7 (full 1):
 PSYoungGen      total 187392K, used 11197K [0x00000000d5580000, 0x00000000e2c00000, 0x0000000100000000)
  eden space 176128K, 0% used [0x00000000d5580000,0x00000000d5580000,0x00000000e0180000)
  from space 11264K, 99% used [0x00000000e2100000,0x00000000e2bef438,0x00000000e2c00000)
  to   space 13312K, 0% used [0x00000000e1200000,0x00000000e1200000,0x00000000e1f00000)
 ParOldGen       total 68096K, used 7300K [0x0000000080000000, 0x0000000084280000, 0x00000000d5580000)
  object space 68096K, 10% used [0x0000000080000000,0x0000000080721258,0x0000000084280000)
 Metaspace       used 31134K, capacity 32064K, committed 32256K, reserved 1077248K
  class space    used 4328K, capacity 4559K, committed 4608K, reserved 1048576K
}
Event: 4.050 GC heap before
{Heap before GC invocations=8 (full 1):
 PSYoungGen      total 187392K, used 83698K [0x00000000d5580000, 0x00000000e2c00000, 0x0000000100000000)
  eden space 176128K, 41% used [0x00000000d5580000,0x00000000d9c4d750,0x00000000e0180000)
  from space 11264K, 99% used [0x00000000e2100000,0x00000000e2bef438,0x00000000e2c00000)
  to   space 13312K, 0% used [0x00000000e1200000,0x00000000e1200000,0x00000000e1f00000)
 ParOldGen       total 68096K, used 7300K [0x0000000080000000, 0x0000000084280000, 0x00000000d5580000)
  object space 68096K, 10% used [0x0000000080000000,0x0000000080721258,0x0000000084280000)
 Metaspace       used 34251K, capacity 35334K, committed 35456K, reserved 1079296K
  class space    used 4837K, capacity 5126K, committed 5248K, reserved 1048576K
Event: 4.058 GC heap after
Heap after GC invocations=8 (full 1):
 PSYoungGen      total 189440K, used 9839K [0x00000000d5580000, 0x00000000e2c00000, 0x0000000100000000)
  eden space 176128K, 0% used [0x00000000d5580000,0x00000000d5580000,0x00000000e0180000)
  from space 13312K, 73% used [0x00000000e1200000,0x00000000e1b9bed8,0x00000000e1f00000)
  to   space 11264K, 0% used [0x00000000e2100000,0x00000000e2100000,0x00000000e2c00000)
 ParOldGen       total 68096K, used 7308K [0x0000000080000000, 0x0000000084280000, 0x00000000d5580000)
  object space 68096K, 10% used [0x0000000080000000,0x0000000080723258,0x0000000084280000)
 Metaspace       used 34251K, capacity 35334K, committed 35456K, reserved 1079296K
  class space    used 4837K, capacity 5126K, committed 5248K, reserved 1048576K
}
Event: 4.058 GC heap before
{Heap before GC invocations=9 (full 2):
 PSYoungGen      total 189440K, used 9839K [0x00000000d5580000, 0x00000000e2c00000, 0x0000000100000000)
  eden space 176128K, 0% used [0x00000000d5580000,0x00000000d5580000,0x00000000e0180000)
  from space 13312K, 73% used [0x00000000e1200000,0x00000000e1b9bed8,0x00000000e1f00000)
  to   space 11264K, 0% used [0x00000000e2100000,0x00000000e2100000,0x00000000e2c00000)
 ParOldGen       total 68096K, used 7308K [0x0000000080000000, 0x0000000084280000, 0x00000000d5580000)
  object space 68096K, 10% used [0x0000000080000000,0x0000000080723258,0x0000000084280000)
 Metaspace       used 34251K, capacity 35334K, committed 35456K, reserved 1079296K
  class space    used 4837K, capacity 5126K, committed 5248K, reserved 1048576K
Event: 4.154 GC heap after
Heap after GC invocations=9 (full 2):
 PSYoungGen      total 189440K, used 0K [0x00000000d5580000, 0x00000000e2c00000, 0x0000000100000000)
  eden space 176128K, 0% used [0x00000000d5580000,0x00000000d5580000,0x00000000e0180000)
  from space 13312K, 0% used [0x00000000e1200000,0x00000000e1200000,0x00000000e1f00000)
  to   space 11264K, 0% used [0x00000000e2100000,0x00000000e2100000,0x00000000e2c00000)
 ParOldGen       total 107008K, used 16071K [0x0000000080000000, 0x0000000086880000, 0x00000000d5580000)
  object space 107008K, 15% used [0x0000000080000000,0x0000000080fb1fa8,0x0000000086880000)
 Metaspace       used 34251K, capacity 35334K, committed 35456K, reserved 1079296K
  class space    used 4837K, capacity 5126K, committed 5248K, reserved 1048576K
}
Event: 5.596 GC heap before
{Heap before GC invocations=10 (full 2):
 PSYoungGen      total 189440K, used 176128K [0x00000000d5580000, 0x00000000e2c00000, 0x0000000100000000)
  eden space 176128K, 100% used [0x00000000d5580000,0x00000000e0180000,0x00000000e0180000)
  from space 13312K, 0% used [0x00000000e1200000,0x00000000e1200000,0x00000000e1f00000)
  to   space 11264K, 0% used [0x00000000e2100000,0x00000000e2100000,0x00000000e2c00000)
 ParOldGen       total 107008K, used 16071K [0x0000000080000000, 0x0000000086880000, 0x00000000d5580000)
  object space 107008K, 15% used [0x0000000080000000,0x0000000080fb1fa8,0x0000000086880000)
 Metaspace       used 43586K, capacity 45452K, committed 45696K, reserved 1089536K
  class space    used 6047K, capacity 6469K, committed 6528K, reserved 1048576K
Event: 5.605 GC heap after
Heap after GC invocations=10 (full 2):
 PSYoungGen      total 187392K, used 11239K [0x00000000d5580000, 0x00000000e2c00000, 0x0000000100000000)
  eden space 176128K, 0% used [0x00000000d5580000,0x00000000d5580000,0x00000000e0180000)
  from space 11264K, 99% used [0x00000000e2100000,0x00000000e2bf9f68,0x00000000e2c00000)
  to   space 13312K, 0% used [0x00000000e1200000,0x00000000e1200000,0x00000000e1f00000)
 ParOldGen       total 107008K, used 19537K [0x0000000080000000, 0x0000000086880000, 0x00000000d5580000)
  object space 107008K, 18% used [0x0000000080000000,0x0000000081314588,0x0000000086880000)
 Metaspace       used 43586K, capacity 45452K, committed 45696K, reserved 1089536K
  class space    used 6047K, capacity 6469K, committed 6528K, reserved 1048576K
}

