# JRE version: Java(TM) SE Runtime Environment (8.0_162-b12) (build 1.8.0_162-b12)
# Java VM: Java HotSpot(TM) 64-Bit Server VM (25.162-b12 mixed mode windows-amd64 compressed oops)
Heap:
 PSYoungGen      total 477184K, used 293991K [0x00000000d5580000, 0x00000000fb780000, 0x0000000100000000)
  eden space 424448K, 63% used [0x00000000d5580000,0x00000000e5dadbe8,0x00000000ef400000)
  from space 52736K, 44% used [0x00000000ef400000,0x00000000f0aec050,0x00000000f2780000)
  to   space 51200K, 0% used [0x00000000f8580000,0x00000000f8580000,0x00000000fb780000)
 ParOldGen       total 265728K, used 109845K [0x0000000080000000, 0x0000000090380000, 0x00000000d5580000)
  object space 265728K, 41% used [0x0000000080000000,0x0000000086b45550,0x0000000090380000)
 Metaspace       used 99991K, capacity 104580K, committed 104960K, reserved 1140736K
  class space    used 13594K, capacity 14563K, committed 14592K, reserved 1048576K
GC Heap History (10 events):
Event: 59.863 GC heap before
{Heap before GC invocations=17 (full 3):
 PSYoungGen      total 320000K, used 319988K [0x00000000d5580000, 0x00000000ef480000, 0x0000000100000000)
  eden space 293888K, 100% used [0x00000000d5580000,0x00000000e7480000,0x00000000e7480000)
  from space 26112K, 99% used [0x00000000e7480000,0x00000000e8dfd3c8,0x00000000e8e00000)
  to   space 34304K, 0% used [0x00000000ed300000,0x00000000ed300000,0x00000000ef480000)
 ParOldGen       total 144384K, used 45809K [0x0000000080000000, 0x0000000088d00000, 0x00000000d5580000)
  object space 144384K, 31% used [0x0000000080000000,0x0000000082cbc660,0x0000000088d00000)
 Metaspace       used 89148K, capacity 93930K, committed 94208K, reserved 1130496K
  class space    used 12174K, capacity 13194K, committed 13312K, reserved 1048576K
Event: 59.898 GC heap after
Heap after GC invocations=17 (full 3):
 PSYoungGen      total 388096K, used 25550K [0x00000000d5580000, 0x00000000ef780000, 0x0000000100000000)
  eden space 353792K, 0% used [0x00000000d5580000,0x00000000d5580000,0x00000000eaf00000)
  from space 34304K, 74% used [0x00000000ed300000,0x00000000eebf39f0,0x00000000ef480000)
  to   space 36864K, 0% used [0x00000000eaf00000,0x00000000eaf00000,0x00000000ed300000)
 ParOldGen       total 144384K, used 69522K [0x0000000080000000, 0x0000000088d00000, 0x00000000d5580000)
  object space 144384K, 48% used [0x0000000080000000,0x00000000843e49b8,0x0000000088d00000)
 Metaspace       used 89148K, capacity 93930K, committed 94208K, reserved 1130496K
  class space    used 12174K, capacity 13194K, committed 13312K, reserved 1048576K
}
Event: 62.455 GC heap before
{Heap before GC invocations=18 (full 3):
 PSYoungGen      total 388096K, used 379342K [0x00000000d5580000, 0x00000000ef780000, 0x0000000100000000)
  eden space 353792K, 100% used [0x00000000d5580000,0x00000000eaf00000,0x00000000eaf00000)
  from space 34304K, 74% used [0x00000000ed300000,0x00000000eebf39f0,0x00000000ef480000)
  to   space 36864K, 0% used [0x00000000eaf00000,0x00000000eaf00000,0x00000000ed300000)
 ParOldGen       total 144384K, used 69522K [0x0000000080000000, 0x0000000088d00000, 0x00000000d5580000)
  object space 144384K, 48% used [0x0000000080000000,0x00000000843e49b8,0x0000000088d00000)
 Metaspace       used 93273K, capacity 98166K, committed 98304K, reserved 1134592K
  class space    used 12748K, capacity 13780K, committed 13824K, reserved 1048576K
Event: 62.514 GC heap after
Heap after GC invocations=18 (full 3):
 PSYoungGen      total 390656K, used 36859K [0x00000000d5580000, 0x00000000f5b00000, 0x0000000100000000)
  eden space 353792K, 0% used [0x00000000d5580000,0x00000000d5580000,0x00000000eaf00000)
  from space 36864K, 99% used [0x00000000eaf00000,0x00000000ed2feec8,0x00000000ed300000)
  to   space 52736K, 0% used [0x00000000f2780000,0x00000000f2780000,0x00000000f5b00000)
 ParOldGen       total 144384K, used 96874K [0x0000000080000000, 0x0000000088d00000, 0x00000000d5580000)
  object space 144384K, 67% used [0x0000000080000000,0x0000000085e9a8a0,0x0000000088d00000)
 Metaspace       used 93273K, capacity 98166K, committed 98304K, reserved 1134592K
  class space    used 12748K, capacity 13780K, committed 13824K, reserved 1048576K
}
Event: 62.682 GC heap before
{Heap before GC invocations=19 (full 3):
 PSYoungGen      total 390656K, used 61438K [0x00000000d5580000, 0x00000000f5b00000, 0x0000000100000000)
  eden space 353792K, 6% used [0x00000000d5580000,0x00000000d6d80a58,0x00000000eaf00000)
  from space 36864K, 99% used [0x00000000eaf00000,0x00000000ed2feec8,0x00000000ed300000)
  to   space 52736K, 0% used [0x00000000f2780000,0x00000000f2780000,0x00000000f5b00000)
 ParOldGen       total 144384K, used 96874K [0x0000000080000000, 0x0000000088d00000, 0x00000000d5580000)
  object space 144384K, 67% used [0x0000000080000000,0x0000000085e9a8a0,0x0000000088d00000)
 Metaspace       used 93579K, capacity 98396K, committed 98560K, reserved 1134592K
  class space    used 12816K, capacity 13813K, committed 13824K, reserved 1048576K
Event: 62.724 GC heap after
Heap after GC invocations=19 (full 3):
 PSYoungGen      total 477184K, used 2486K [0x00000000d5580000, 0x00000000f8d80000, 0x0000000100000000)
  eden space 424448K, 0% used [0x00000000d5580000,0x00000000d5580000,0x00000000ef400000)
  from space 52736K, 4% used [0x00000000f2780000,0x00000000f29ed8a8,0x00000000f5b00000)
  to   space 52736K, 0% used [0x00000000ef400000,0x00000000ef400000,0x00000000f2780000)
 ParOldGen       total 144384K, used 133904K [0x0000000080000000, 0x0000000088d00000, 0x00000000d5580000)
  object space 144384K, 92% used [0x0000000080000000,0x00000000882c43d8,0x0000000088d00000)
 Metaspace       used 93579K, capacity 98396K, committed 98560K, reserved 1134592K
  class space    used 12816K, capacity 13813K, committed 13824K, reserved 1048576K
}
Event: 62.724 GC heap before
{Heap before GC invocations=20 (full 4):
 PSYoungGen      total 477184K, used 2486K [0x00000000d5580000, 0x00000000f8d80000, 0x0000000100000000)
  eden space 424448K, 0% used [0x00000000d5580000,0x00000000d5580000,0x00000000ef400000)
  from space 52736K, 4% used [0x00000000f2780000,0x00000000f29ed8a8,0x00000000f5b00000)
  to   space 52736K, 0% used [0x00000000ef400000,0x00000000ef400000,0x00000000f2780000)
 ParOldGen       total 144384K, used 133904K [0x0000000080000000, 0x0000000088d00000, 0x00000000d5580000)
  object space 144384K, 92% used [0x0000000080000000,0x00000000882c43d8,0x0000000088d00000)
 Metaspace       used 93579K, capacity 98396K, committed 98560K, reserved 1134592K
  class space    used 12816K, capacity 13813K, committed 13824K, reserved 1048576K
Event: 63.187 GC heap after
Heap after GC invocations=20 (full 4):
 PSYoungGen      total 477184K, used 0K [0x00000000d5580000, 0x00000000f8d80000, 0x0000000100000000)
  eden space 424448K, 0% used [0x00000000d5580000,0x00000000d5580000,0x00000000ef400000)
  from space 52736K, 0% used [0x00000000f2780000,0x00000000f2780000,0x00000000f5b00000)
  to   space 52736K, 0% used [0x00000000ef400000,0x00000000ef400000,0x00000000f2780000)
 ParOldGen       total 265728K, used 109837K [0x0000000080000000, 0x0000000090380000, 0x00000000d5580000)
  object space 265728K, 41% used [0x0000000080000000,0x0000000086b43550,0x0000000090380000)
 Metaspace       used 93360K, capacity 97736K, committed 98560K, reserved 1134592K
  class space    used 12745K, capacity 13691K, committed 13824K, reserved 1048576K
}
Event: 67.049 GC heap before
{Heap before GC invocations=21 (full 4):
 PSYoungGen      total 477184K, used 424448K [0x00000000d5580000, 0x00000000f8d80000, 0x0000000100000000)
  eden space 424448K, 100% used [0x00000000d5580000,0x00000000ef400000,0x00000000ef400000)
  from space 52736K, 0% used [0x00000000f2780000,0x00000000f2780000,0x00000000f5b00000)
  to   space 52736K, 0% used [0x00000000ef400000,0x00000000ef400000,0x00000000f2780000)
 ParOldGen       total 265728K, used 109837K [0x0000000080000000, 0x0000000090380000, 0x00000000d5580000)
  object space 265728K, 41% used [0x0000000080000000,0x0000000086b43550,0x0000000090380000)
 Metaspace       used 97965K, capacity 102482K, committed 103040K, reserved 1138688K
  class space    used 13357K, capacity 14338K, committed 14464K, reserved 1048576K
Event: 67.093 GC heap after
Heap after GC invocations=21 (full 4):
 PSYoungGen      total 477184K, used 23472K [0x00000000d5580000, 0x00000000fb780000, 0x0000000100000000)
  eden space 424448K, 0% used [0x00000000d5580000,0x00000000d5580000,0x00000000ef400000)
  from space 52736K, 44% used [0x00000000ef400000,0x00000000f0aec050,0x00000000f2780000)
  to   space 51200K, 0% used [0x00000000f8580000,0x00000000f8580000,0x00000000fb780000)
 ParOldGen       total 265728K, used 109845K [0x0000000080000000, 0x0000000090380000, 0x00000000d5580000)
  object space 265728K, 41% used [0x0000000080000000,0x0000000086b45550,0x0000000090380000)
 Metaspace       used 97965K, capacity 102482K, committed 103040K, reserved 1138688K
  class space    used 13357K, capacity 14338K, committed 14464K, reserved 1048576K
}

