# JRE version: Java(TM) SE Runtime Environment (8.0_162-b12) (build 1.8.0_162-b12)
# Java VM: Java HotSpot(TM) 64-Bit Server VM (25.162-b12 mixed mode windows-amd64 compressed oops)
Heap:
 PSYoungGen      total 186880K, used 39596K [0x00000000d5580000, 0x00000000e2c00000, 0x0000000100000000)
  eden space 175616K, 16% used [0x00000000d5580000,0x00000000d712e388,0x00000000e0100000)
  from space 11264K, 99% used [0x00000000e2100000,0x00000000e2bfcea8,0x00000000e2c00000)
  to   space 12800K, 0% used [0x00000000e1300000,0x00000000e1300000,0x00000000e1f80000)
 ParOldGen       total 110592K, used 20038K [0x0000000080000000, 0x0000000086c00000, 0x00000000d5580000)
  object space 110592K, 18% used [0x0000000080000000,0x00000000813919b8,0x0000000086c00000)
 Metaspace       used 45789K, capacity 47676K, committed 48000K, reserved 1091584K
  class space    used 6346K, capacity 6773K, committed 6784K, reserved 1048576K
GC Heap History (10 events):
Event: 3.273 GC heap before
{Heap before GC invocations=6 (full 1):
 PSYoungGen      total 105984K, used 7060K [0x00000000d5580000, 0x00000000e2c80000, 0x0000000100000000)
  eden space 98304K, 0% used [0x00000000d5580000,0x00000000d5580000,0x00000000db580000)
  from space 7680K, 91% used [0x00000000db580000,0x00000000dbc65040,0x00000000dbd00000)
  to   space 11776K, 0% used [0x00000000e2100000,0x00000000e2100000,0x00000000e2c80000)
 ParOldGen       total 130048K, used 4153K [0x0000000080000000, 0x0000000087f00000, 0x00000000d5580000)
  object space 130048K, 3% used [0x0000000080000000,0x000000008040e628,0x0000000087f00000)
 Metaspace       used 20593K, capacity 21246K, committed 21296K, reserved 1067008K
  class space    used 2959K, capacity 3169K, committed 3200K, reserved 1048576K
Event: 3.303 GC heap after
Heap after GC invocations=6 (full 1):
 PSYoungGen      total 105984K, used 0K [0x00000000d5580000, 0x00000000e2c80000, 0x0000000100000000)
  eden space 98304K, 0% used [0x00000000d5580000,0x00000000d5580000,0x00000000db580000)
  from space 7680K, 0% used [0x00000000db580000,0x00000000db580000,0x00000000dbd00000)
  to   space 11776K, 0% used [0x00000000e2100000,0x00000000e2100000,0x00000000e2c80000)
 ParOldGen       total 69120K, used 7355K [0x0000000080000000, 0x0000000084380000, 0x00000000d5580000)
  object space 69120K, 10% used [0x0000000080000000,0x000000008072ef70,0x0000000084380000)
 Metaspace       used 20593K, capacity 21246K, committed 21296K, reserved 1067008K
  class space    used 2959K, capacity 3169K, committed 3200K, reserved 1048576K
}
Event: 4.379 GC heap before
{Heap before GC invocations=7 (full 1):
 PSYoungGen      total 105984K, used 98304K [0x00000000d5580000, 0x00000000e2c80000, 0x0000000100000000)
  eden space 98304K, 100% used [0x00000000d5580000,0x00000000db580000,0x00000000db580000)
  from space 7680K, 0% used [0x00000000db580000,0x00000000db580000,0x00000000dbd00000)
  to   space 11776K, 0% used [0x00000000e2100000,0x00000000e2100000,0x00000000e2c80000)
 ParOldGen       total 69120K, used 7355K [0x0000000080000000, 0x0000000084380000, 0x00000000d5580000)
  object space 69120K, 10% used [0x0000000080000000,0x000000008072ef70,0x0000000084380000)
 Metaspace       used 31104K, capacity 32004K, committed 32256K, reserved 1077248K
  class space    used 4321K, capacity 4559K, committed 4608K, reserved 1048576K
Event: 4.388 GC heap after
Heap after GC invocations=7 (full 1):
 PSYoungGen      total 186880K, used 11062K [0x00000000d5580000, 0x00000000e2c00000, 0x0000000100000000)
  eden space 175616K, 0% used [0x00000000d5580000,0x00000000d5580000,0x00000000e0100000)
  from space 11264K, 98% used [0x00000000e2100000,0x00000000e2bcdbf8,0x00000000e2c00000)
  to   space 12800K, 0% used [0x00000000e1300000,0x00000000e1300000,0x00000000e1f80000)
 ParOldGen       total 69120K, used 7363K [0x0000000080000000, 0x0000000084380000, 0x00000000d5580000)
  object space 69120K, 10% used [0x0000000080000000,0x0000000080730f70,0x0000000084380000)
 Metaspace       used 31104K, capacity 32004K, committed 32256K, reserved 1077248K
  class space    used 4321K, capacity 4559K, committed 4608K, reserved 1048576K
}
Event: 5.090 GC heap before
{Heap before GC invocations=8 (full 1):
 PSYoungGen      total 186880K, used 80245K [0x00000000d5580000, 0x00000000e2c00000, 0x0000000100000000)
  eden space 175616K, 39% used [0x00000000d5580000,0x00000000d990fa58,0x00000000e0100000)
  from space 11264K, 98% used [0x00000000e2100000,0x00000000e2bcdbf8,0x00000000e2c00000)
  to   space 12800K, 0% used [0x00000000e1300000,0x00000000e1300000,0x00000000e1f80000)
 ParOldGen       total 69120K, used 7363K [0x0000000080000000, 0x0000000084380000, 0x00000000d5580000)
  object space 69120K, 10% used [0x0000000080000000,0x0000000080730f70,0x0000000084380000)
 Metaspace       used 34172K, capacity 35274K, committed 35456K, reserved 1079296K
  class space    used 4821K, capacity 5126K, committed 5248K, reserved 1048576K
Event: 5.102 GC heap after
Heap after GC invocations=8 (full 1):
 PSYoungGen      total 188416K, used 9662K [0x00000000d5580000, 0x00000000e2c00000, 0x0000000100000000)
  eden space 175616K, 0% used [0x00000000d5580000,0x00000000d5580000,0x00000000e0100000)
  from space 12800K, 75% used [0x00000000e1300000,0x00000000e1c6fa48,0x00000000e1f80000)
  to   space 11264K, 0% used [0x00000000e2100000,0x00000000e2100000,0x00000000e2c00000)
 ParOldGen       total 69120K, used 7371K [0x0000000080000000, 0x0000000084380000, 0x00000000d5580000)
  object space 69120K, 10% used [0x0000000080000000,0x0000000080732f70,0x0000000084380000)
 Metaspace       used 34172K, capacity 35274K, committed 35456K, reserved 1079296K
  class space    used 4821K, capacity 5126K, committed 5248K, reserved 1048576K
}
Event: 5.102 GC heap before
{Heap before GC invocations=9 (full 2):
 PSYoungGen      total 188416K, used 9662K [0x00000000d5580000, 0x00000000e2c00000, 0x0000000100000000)
  eden space 175616K, 0% used [0x00000000d5580000,0x00000000d5580000,0x00000000e0100000)
  from space 12800K, 75% used [0x00000000e1300000,0x00000000e1c6fa48,0x00000000e1f80000)
  to   space 11264K, 0% used [0x00000000e2100000,0x00000000e2100000,0x00000000e2c00000)
 ParOldGen       total 69120K, used 7371K [0x0000000080000000, 0x0000000084380000, 0x00000000d5580000)
  object space 69120K, 10% used [0x0000000080000000,0x0000000080732f70,0x0000000084380000)
 Metaspace       used 34172K, capacity 35274K, committed 35456K, reserved 1079296K
  class space    used 4821K, capacity 5126K, committed 5248K, reserved 1048576K
Event: 5.227 GC heap after
Heap after GC invocations=9 (full 2):
 PSYoungGen      total 188416K, used 0K [0x00000000d5580000, 0x00000000e2c00000, 0x0000000100000000)
  eden space 175616K, 0% used [0x00000000d5580000,0x00000000d5580000,0x00000000e0100000)
  from space 12800K, 0% used [0x00000000e1300000,0x00000000e1300000,0x00000000e1f80000)
  to   space 11264K, 0% used [0x00000000e2100000,0x00000000e2100000,0x00000000e2c00000)
 ParOldGen       total 110592K, used 15960K [0x0000000080000000, 0x0000000086c00000, 0x00000000d5580000)
  object space 110592K, 14% used [0x0000000080000000,0x0000000080f961f0,0x0000000086c00000)
 Metaspace       used 34172K, capacity 35274K, committed 35456K, reserved 1079296K
  class space    used 4821K, capacity 5126K, committed 5248K, reserved 1048576K
}
Event: 7.104 GC heap before
{Heap before GC invocations=10 (full 2):
 PSYoungGen      total 188416K, used 175616K [0x00000000d5580000, 0x00000000e2c00000, 0x0000000100000000)
  eden space 175616K, 100% used [0x00000000d5580000,0x00000000e0100000,0x00000000e0100000)
  from space 12800K, 0% used [0x00000000e1300000,0x00000000e1300000,0x00000000e1f80000)
  to   space 11264K, 0% used [0x00000000e2100000,0x00000000e2100000,0x00000000e2c00000)
 ParOldGen       total 110592K, used 15960K [0x0000000080000000, 0x0000000086c00000, 0x00000000d5580000)
  object space 110592K, 14% used [0x0000000080000000,0x0000000080f961f0,0x0000000086c00000)
 Metaspace       used 44067K, capacity 45954K, committed 46336K, reserved 1089536K
  class space    used 6111K, capacity 6544K, committed 6656K, reserved 1048576K
Event: 7.117 GC heap after
Heap after GC invocations=10 (full 2):
 PSYoungGen      total 186880K, used 11251K [0x00000000d5580000, 0x00000000e2c00000, 0x0000000100000000)
  eden space 175616K, 0% used [0x00000000d5580000,0x00000000d5580000,0x00000000e0100000)
  from space 11264K, 99% used [0x00000000e2100000,0x00000000e2bfcea8,0x00000000e2c00000)
  to   space 12800K, 0% used [0x00000000e1300000,0x00000000e1300000,0x00000000e1f80000)
 ParOldGen       total 110592K, used 20038K [0x0000000080000000, 0x0000000086c00000, 0x00000000d5580000)
  object space 110592K, 18% used [0x0000000080000000,0x00000000813919b8,0x0000000086c00000)
 Metaspace       used 44067K, capacity 45954K, committed 46336K, reserved 1089536K
  class space    used 6111K, capacity 6544K, committed 6656K, reserved 1048576K
}

