# JRE version: Java(TM) SE Runtime Environment (8.0_162-b12) (build 1.8.0_162-b12)
# Java VM: Java HotSpot(TM) 64-Bit Server VM (25.162-b12 mixed mode windows-amd64 compressed oops)
Heap:
 PSYoungGen      total 90112K, used 31829K [0x00000000d5580000, 0x00000000db900000, 0x0000000100000000)
  eden space 78848K, 40% used [0x00000000d5580000,0x00000000d7495670,0x00000000da280000)
  from space 11264K, 0% used [0x00000000da280000,0x00000000da280000,0x00000000dad80000)
  to   space 11264K, 0% used [0x00000000dad80000,0x00000000dad80000,0x00000000db880000)
 ParOldGen       total 104448K, used 14451K [0x0000000080000000, 0x0000000086600000, 0x00000000d5580000)
  object space 104448K, 13% used [0x0000000080000000,0x0000000080e1cd58,0x0000000086600000)
 Metaspace       used 35720K, capacity 37036K, committed 37120K, reserved 1081344K
  class space    used 5022K, capacity 5359K, committed 5376K, reserved 1048576K
GC Heap History (10 events):
Event: 3.523 GC heap before
{Heap before GC invocations=7 (full 1):
 PSYoungGen      total 56832K, used 49152K [0x00000000d5580000, 0x00000000d9480000, 0x0000000100000000)
  eden space 49152K, 100% used [0x00000000d5580000,0x00000000d8580000,0x00000000d8580000)
  from space 7680K, 0% used [0x00000000d8580000,0x00000000d8580000,0x00000000d8d00000)
  to   space 7680K, 0% used [0x00000000d8d00000,0x00000000d8d00000,0x00000000d9480000)
 ParOldGen       total 68096K, used 7346K [0x0000000080000000, 0x0000000084280000, 0x00000000d5580000)
  object space 68096K, 10% used [0x0000000080000000,0x000000008072cbf0,0x0000000084280000)
 Metaspace       used 24454K, capacity 25216K, committed 25344K, reserved 1071104K
  class space    used 3565K, capacity 3772K, committed 3840K, reserved 1048576K
Event: 3.528 GC heap after
Heap after GC invocations=7 (full 1):
 PSYoungGen      total 52736K, used 4882K [0x00000000d5580000, 0x00000000dc280000, 0x0000000100000000)
  eden space 45056K, 0% used [0x00000000d5580000,0x00000000d5580000,0x00000000d8180000)
  from space 7680K, 63% used [0x00000000d8d00000,0x00000000d91c4838,0x00000000d9480000)
  to   space 11776K, 0% used [0x00000000d8180000,0x00000000d8180000,0x00000000d8d00000)
 ParOldGen       total 68096K, used 7354K [0x0000000080000000, 0x0000000084280000, 0x00000000d5580000)
  object space 68096K, 10% used [0x0000000080000000,0x000000008072ebf0,0x0000000084280000)
 Metaspace       used 24454K, capacity 25216K, committed 25344K, reserved 1071104K
  class space    used 3565K, capacity 3772K, committed 3840K, reserved 1048576K
}
Event: 4.127 GC heap before
{Heap before GC invocations=8 (full 1):
 PSYoungGen      total 52736K, used 49938K [0x00000000d5580000, 0x00000000dc280000, 0x0000000100000000)
  eden space 45056K, 100% used [0x00000000d5580000,0x00000000d8180000,0x00000000d8180000)
  from space 7680K, 63% used [0x00000000d8d00000,0x00000000d91c4838,0x00000000d9480000)
  to   space 11776K, 0% used [0x00000000d8180000,0x00000000d8180000,0x00000000d8d00000)
 ParOldGen       total 68096K, used 7354K [0x0000000080000000, 0x0000000084280000, 0x00000000d5580000)
  object space 68096K, 10% used [0x0000000080000000,0x000000008072ebf0,0x0000000084280000)
 Metaspace       used 30969K, capacity 31888K, committed 32256K, reserved 1077248K
  class space    used 4295K, capacity 4525K, committed 4608K, reserved 1048576K
Event: 4.132 GC heap after
Heap after GC invocations=8 (full 1):
 PSYoungGen      total 56832K, used 7549K [0x00000000d5580000, 0x00000000db880000, 0x0000000100000000)
  eden space 45056K, 0% used [0x00000000d5580000,0x00000000d5580000,0x00000000d8180000)
  from space 11776K, 64% used [0x00000000d8180000,0x00000000d88df640,0x00000000d8d00000)
  to   space 11264K, 0% used [0x00000000dad80000,0x00000000dad80000,0x00000000db880000)
 ParOldGen       total 68096K, used 7362K [0x0000000080000000, 0x0000000084280000, 0x00000000d5580000)
  object space 68096K, 10% used [0x0000000080000000,0x0000000080730bf0,0x0000000084280000)
 Metaspace       used 30969K, capacity 31888K, committed 32256K, reserved 1077248K
  class space    used 4295K, capacity 4525K, committed 4608K, reserved 1048576K
}
Event: 4.748 GC heap before
{Heap before GC invocations=9 (full 1):
 PSYoungGen      total 56832K, used 52605K [0x00000000d5580000, 0x00000000db880000, 0x0000000100000000)
  eden space 45056K, 100% used [0x00000000d5580000,0x00000000d8180000,0x00000000d8180000)
  from space 11776K, 64% used [0x00000000d8180000,0x00000000d88df640,0x00000000d8d00000)
  to   space 11264K, 0% used [0x00000000dad80000,0x00000000dad80000,0x00000000db880000)
 ParOldGen       total 68096K, used 7362K [0x0000000080000000, 0x0000000084280000, 0x00000000d5580000)
  object space 68096K, 10% used [0x0000000080000000,0x0000000080730bf0,0x0000000084280000)
 Metaspace       used 33066K, capacity 34186K, committed 34432K, reserved 1079296K
  class space    used 4632K, capacity 4882K, committed 4992K, reserved 1048576K
Event: 4.774 GC heap after
Heap after GC invocations=9 (full 1):
 PSYoungGen      total 90112K, used 8345K [0x00000000d5580000, 0x00000000db900000, 0x0000000100000000)
  eden space 78848K, 0% used [0x00000000d5580000,0x00000000d5580000,0x00000000da280000)
  from space 11264K, 74% used [0x00000000dad80000,0x00000000db5a6590,0x00000000db880000)
  to   space 11264K, 0% used [0x00000000da280000,0x00000000da280000,0x00000000dad80000)
 ParOldGen       total 68096K, used 7370K [0x0000000080000000, 0x0000000084280000, 0x00000000d5580000)
  object space 68096K, 10% used [0x0000000080000000,0x0000000080732bf0,0x0000000084280000)
 Metaspace       used 33066K, capacity 34186K, committed 34432K, reserved 1079296K
  class space    used 4632K, capacity 4882K, committed 4992K, reserved 1048576K
}
Event: 5.039 GC heap before
{Heap before GC invocations=10 (full 1):
 PSYoungGen      total 90112K, used 34334K [0x00000000d5580000, 0x00000000db900000, 0x0000000100000000)
  eden space 78848K, 32% used [0x00000000d5580000,0x00000000d6ee14a8,0x00000000da280000)
  from space 11264K, 74% used [0x00000000dad80000,0x00000000db5a6590,0x00000000db880000)
  to   space 11264K, 0% used [0x00000000da280000,0x00000000da280000,0x00000000dad80000)
 ParOldGen       total 68096K, used 7370K [0x0000000080000000, 0x0000000084280000, 0x00000000d5580000)
  object space 68096K, 10% used [0x0000000080000000,0x0000000080732bf0,0x0000000084280000)
 Metaspace       used 34220K, capacity 35330K, committed 35456K, reserved 1079296K
  class space    used 4828K, capacity 5126K, committed 5248K, reserved 1048576K
Event: 5.047 GC heap after
Heap after GC invocations=10 (full 1):
 PSYoungGen      total 90112K, used 6883K [0x00000000d5580000, 0x00000000db900000, 0x0000000100000000)
  eden space 78848K, 0% used [0x00000000d5580000,0x00000000d5580000,0x00000000da280000)
  from space 11264K, 61% used [0x00000000da280000,0x00000000da938dc8,0x00000000dad80000)
  to   space 11264K, 0% used [0x00000000dad80000,0x00000000dad80000,0x00000000db880000)
 ParOldGen       total 68096K, used 8675K [0x0000000080000000, 0x0000000084280000, 0x00000000d5580000)
  object space 68096K, 12% used [0x0000000080000000,0x0000000080878d78,0x0000000084280000)
 Metaspace       used 34220K, capacity 35330K, committed 35456K, reserved 1079296K
  class space    used 4828K, capacity 5126K, committed 5248K, reserved 1048576K
}
Event: 5.047 GC heap before
{Heap before GC invocations=11 (full 2):
 PSYoungGen      total 90112K, used 6883K [0x00000000d5580000, 0x00000000db900000, 0x0000000100000000)
  eden space 78848K, 0% used [0x00000000d5580000,0x00000000d5580000,0x00000000da280000)
  from space 11264K, 61% used [0x00000000da280000,0x00000000da938dc8,0x00000000dad80000)
  to   space 11264K, 0% used [0x00000000dad80000,0x00000000dad80000,0x00000000db880000)
 ParOldGen       total 68096K, used 8675K [0x0000000080000000, 0x0000000084280000, 0x00000000d5580000)
  object space 68096K, 12% used [0x0000000080000000,0x0000000080878d78,0x0000000084280000)
 Metaspace       used 34220K, capacity 35330K, committed 35456K, reserved 1079296K
  class space    used 4828K, capacity 5126K, committed 5248K, reserved 1048576K
Event: 5.168 GC heap after
Heap after GC invocations=11 (full 2):
 PSYoungGen      total 90112K, used 0K [0x00000000d5580000, 0x00000000db900000, 0x0000000100000000)
  eden space 78848K, 0% used [0x00000000d5580000,0x00000000d5580000,0x00000000da280000)
  from space 11264K, 0% used [0x00000000da280000,0x00000000da280000,0x00000000dad80000)
  to   space 11264K, 0% used [0x00000000dad80000,0x00000000dad80000,0x00000000db880000)
 ParOldGen       total 104448K, used 14451K [0x0000000080000000, 0x0000000086600000, 0x00000000d5580000)
  object space 104448K, 13% used [0x0000000080000000,0x0000000080e1cd58,0x0000000086600000)
 Metaspace       used 34220K, capacity 35330K, committed 35456K, reserved 1079296K
  class space    used 4828K, capacity 5126K, committed 5248K, reserved 1048576K
}

