# JRE version: Java(TM) SE Runtime Environment (8.0_162-b12) (build 1.8.0_162-b12)
# Java VM: Java HotSpot(TM) 64-Bit Server VM (25.162-b12 mixed mode windows-amd64 compressed oops)
Heap:
 PSYoungGen      total 221184K, used 75240K [0x00000000d5580000, 0x00000000e6880000, 0x0000000100000000)
  eden space 199168K, 26% used [0x00000000d5580000,0x00000000d897fbe0,0x00000000e1800000)
  from space 22016K, 99% used [0x00000000e1800000,0x00000000e2d7a4c0,0x00000000e2d80000)
  to   space 27136K, 0% used [0x00000000e4e00000,0x00000000e4e00000,0x00000000e6880000)
 ParOldGen       total 113664K, used 41743K [0x0000000080000000, 0x0000000086f00000, 0x00000000d5580000)
  object space 113664K, 36% used [0x0000000080000000,0x00000000828c3e18,0x0000000086f00000)
 Metaspace       used 70027K, capacity 73564K, committed 73816K, reserved 1112064K
  class space    used 9650K, capacity 10349K, committed 10368K, reserved 1048576K
GC Heap History (10 events):
Event: 5.558 GC heap before
{Heap before GC invocations=12 (full 2):
 PSYoungGen      total 154624K, used 152395K [0x00000000d5580000, 0x00000000e1b80000, 0x0000000100000000)
  eden space 141824K, 100% used [0x00000000d5580000,0x00000000de000000,0x00000000de000000)
  from space 12800K, 82% used [0x00000000de000000,0x00000000dea52e30,0x00000000dec80000)
  to   space 13312K, 0% used [0x00000000e0e80000,0x00000000e0e80000,0x00000000e1b80000)
 ParOldGen       total 113664K, used 14612K [0x0000000080000000, 0x0000000086f00000, 0x00000000d5580000)
  object space 113664K, 12% used [0x0000000080000000,0x0000000080e45348,0x0000000086f00000)
 Metaspace       used 51286K, capacity 53336K, committed 53632K, reserved 1095680K
  class space    used 7022K, capacity 7509K, committed 7552K, reserved 1048576K
Event: 5.572 GC heap after
Heap after GC invocations=12 (full 2):
 PSYoungGen      total 184320K, used 13284K [0x00000000d5580000, 0x00000000e2280000, 0x0000000100000000)
  eden space 171008K, 0% used [0x00000000d5580000,0x00000000d5580000,0x00000000dfc80000)
  from space 13312K, 99% used [0x00000000e0e80000,0x00000000e1b79310,0x00000000e1b80000)
  to   space 18432K, 0% used [0x00000000dfc80000,0x00000000dfc80000,0x00000000e0e80000)
 ParOldGen       total 113664K, used 24347K [0x0000000080000000, 0x0000000086f00000, 0x00000000d5580000)
  object space 113664K, 21% used [0x0000000080000000,0x00000000817c6d58,0x0000000086f00000)
 Metaspace       used 51286K, capacity 53336K, committed 53632K, reserved 1095680K
  class space    used 7022K, capacity 7509K, committed 7552K, reserved 1048576K
}
Event: 6.436 GC heap before
{Heap before GC invocations=13 (full 2):
 PSYoungGen      total 184320K, used 88140K [0x00000000d5580000, 0x00000000e2280000, 0x0000000100000000)
  eden space 171008K, 43% used [0x00000000d5580000,0x00000000d9e99e38,0x00000000dfc80000)
  from space 13312K, 99% used [0x00000000e0e80000,0x00000000e1b79310,0x00000000e1b80000)
  to   space 18432K, 0% used [0x00000000dfc80000,0x00000000dfc80000,0x00000000e0e80000)
 ParOldGen       total 113664K, used 24347K [0x0000000080000000, 0x0000000086f00000, 0x00000000d5580000)
  object space 113664K, 21% used [0x0000000080000000,0x00000000817c6d58,0x0000000086f00000)
 Metaspace       used 56755K, capacity 59066K, committed 59096K, reserved 1099776K
  class space    used 7927K, capacity 8425K, committed 8448K, reserved 1048576K
Event: 6.451 GC heap after
Heap after GC invocations=13 (full 2):
 PSYoungGen      total 189440K, used 18412K [0x00000000d5580000, 0x00000000e4a80000, 0x0000000100000000)
  eden space 171008K, 0% used [0x00000000d5580000,0x00000000d5580000,0x00000000dfc80000)
  from space 18432K, 99% used [0x00000000dfc80000,0x00000000e0e7b298,0x00000000e0e80000)
  to   space 22016K, 0% used [0x00000000e3500000,0x00000000e3500000,0x00000000e4a80000)
 ParOldGen       total 113664K, used 28586K [0x0000000080000000, 0x0000000086f00000, 0x00000000d5580000)
  object space 113664K, 25% used [0x0000000080000000,0x0000000081bea808,0x0000000086f00000)
 Metaspace       used 56755K, capacity 59066K, committed 59096K, reserved 1099776K
  class space    used 7927K, capacity 8425K, committed 8448K, reserved 1048576K
}
Event: 6.451 GC heap before
{Heap before GC invocations=14 (full 3):
 PSYoungGen      total 189440K, used 18412K [0x00000000d5580000, 0x00000000e4a80000, 0x0000000100000000)
  eden space 171008K, 0% used [0x00000000d5580000,0x00000000d5580000,0x00000000dfc80000)
  from space 18432K, 99% used [0x00000000dfc80000,0x00000000e0e7b298,0x00000000e0e80000)
  to   space 22016K, 0% used [0x00000000e3500000,0x00000000e3500000,0x00000000e4a80000)
 ParOldGen       total 113664K, used 28586K [0x0000000080000000, 0x0000000086f00000, 0x00000000d5580000)
  object space 113664K, 25% used [0x0000000080000000,0x0000000081bea808,0x0000000086f00000)
 Metaspace       used 56755K, capacity 59066K, committed 59096K, reserved 1099776K
  class space    used 7927K, capacity 8425K, committed 8448K, reserved 1048576K
Event: 6.642 GC heap after
Heap after GC invocations=14 (full 3):
 PSYoungGen      total 189440K, used 0K [0x00000000d5580000, 0x00000000e4a80000, 0x0000000100000000)
  eden space 171008K, 0% used [0x00000000d5580000,0x00000000d5580000,0x00000000dfc80000)
  from space 18432K, 0% used [0x00000000dfc80000,0x00000000dfc80000,0x00000000e0e80000)
  to   space 22016K, 0% used [0x00000000e3500000,0x00000000e3500000,0x00000000e4a80000)
 ParOldGen       total 113664K, used 37038K [0x0000000080000000, 0x0000000086f00000, 0x00000000d5580000)
  object space 113664K, 32% used [0x0000000080000000,0x000000008242b8a8,0x0000000086f00000)
 Metaspace       used 56709K, capacity 58910K, committed 59096K, reserved 1099776K
  class space    used 7913K, capacity 8399K, committed 8448K, reserved 1048576K
}
Event: 33.229 GC heap before
{Heap before GC invocations=15 (full 3):
 PSYoungGen      total 189440K, used 171008K [0x00000000d5580000, 0x00000000e4a80000, 0x0000000100000000)
  eden space 171008K, 100% used [0x00000000d5580000,0x00000000dfc80000,0x00000000dfc80000)
  from space 18432K, 0% used [0x00000000dfc80000,0x00000000dfc80000,0x00000000e0e80000)
  to   space 22016K, 0% used [0x00000000e3500000,0x00000000e3500000,0x00000000e4a80000)
 ParOldGen       total 113664K, used 37038K [0x0000000080000000, 0x0000000086f00000, 0x00000000d5580000)
  object space 113664K, 32% used [0x0000000080000000,0x000000008242b8a8,0x0000000086f00000)
 Metaspace       used 63500K, capacity 66392K, committed 66520K, reserved 1105920K
  class space    used 8768K, capacity 9421K, committed 9472K, reserved 1048576K
Event: 33.240 GC heap after
Heap after GC invocations=15 (full 3):
 PSYoungGen      total 212480K, used 13844K [0x00000000d5580000, 0x00000000e4300000, 0x0000000100000000)
  eden space 198144K, 0% used [0x00000000d5580000,0x00000000d5580000,0x00000000e1700000)
  from space 14336K, 96% used [0x00000000e3500000,0x00000000e42850f8,0x00000000e4300000)
  to   space 22016K, 0% used [0x00000000e1800000,0x00000000e1800000,0x00000000e2d80000)
 ParOldGen       total 113664K, used 37046K [0x0000000080000000, 0x0000000086f00000, 0x00000000d5580000)
  object space 113664K, 32% used [0x0000000080000000,0x000000008242d8a8,0x0000000086f00000)
 Metaspace       used 63500K, capacity 66392K, committed 66520K, reserved 1105920K
  class space    used 8768K, capacity 9421K, committed 9472K, reserved 1048576K
}
Event: 35.287 GC heap before
{Heap before GC invocations=16 (full 3):
 PSYoungGen      total 212480K, used 211988K [0x00000000d5580000, 0x00000000e4300000, 0x0000000100000000)
  eden space 198144K, 100% used [0x00000000d5580000,0x00000000e1700000,0x00000000e1700000)
  from space 14336K, 96% used [0x00000000e3500000,0x00000000e42850f8,0x00000000e4300000)
  to   space 22016K, 0% used [0x00000000e1800000,0x00000000e1800000,0x00000000e2d80000)
 ParOldGen       total 113664K, used 37046K [0x0000000080000000, 0x0000000086f00000, 0x00000000d5580000)
  object space 113664K, 32% used [0x0000000080000000,0x000000008242d8a8,0x0000000086f00000)
 Metaspace       used 69887K, capacity 73296K, committed 73560K, reserved 1112064K
  class space    used 9650K, capacity 10349K, committed 10368K, reserved 1048576K
Event: 35.309 GC heap after
Heap after GC invocations=16 (full 3):
 PSYoungGen      total 221184K, used 21993K [0x00000000d5580000, 0x00000000e6880000, 0x0000000100000000)
  eden space 199168K, 0% used [0x00000000d5580000,0x00000000d5580000,0x00000000e1800000)
  from space 22016K, 99% used [0x00000000e1800000,0x00000000e2d7a4c0,0x00000000e2d80000)
  to   space 27136K, 0% used [0x00000000e4e00000,0x00000000e4e00000,0x00000000e6880000)
 ParOldGen       total 113664K, used 41743K [0x0000000080000000, 0x0000000086f00000, 0x00000000d5580000)
  object space 113664K, 36% used [0x0000000080000000,0x00000000828c3e18,0x0000000086f00000)
 Metaspace       used 69887K, capacity 73296K, committed 73560K, reserved 1112064K
  class space    used 9650K, capacity 10349K, committed 10368K, reserved 1048576K
}

