# JRE version: Java(TM) SE Runtime Environment (8.0_162-b12) (build 1.8.0_162-b12)
# Java VM: Java HotSpot(TM) 64-Bit Server VM (25.162-b12 mixed mode windows-amd64 compressed oops)
Heap:
 PSYoungGen      total 87552K, used 9891K [0x00000000d5580000, 0x00000000db700000, 0x0000000100000000)
  eden space 76288K, 12% used [0x00000000d5580000,0x00000000d5f28d98,0x00000000da000000)
  from space 11264K, 0% used [0x00000000da000000,0x00000000da000000,0x00000000dab00000)
  to   space 11264K, 0% used [0x00000000dab00000,0x00000000dab00000,0x00000000db600000)
 ParOldGen       total 115200K, used 14362K [0x0000000080000000, 0x0000000087080000, 0x00000000d5580000)
  object space 115200K, 12% used [0x0000000080000000,0x0000000080e06978,0x0000000087080000)
 Metaspace       used 34505K, capacity 35642K, committed 35968K, reserved 1079296K
  class space    used 4870K, capacity 5162K, committed 5248K, reserved 1048576K
GC Heap History (10 events):
Event: 3.865 GC heap before
{Heap before GC invocations=7 (full 1):
 PSYoungGen      total 56832K, used 49152K [0x00000000d5580000, 0x00000000d9480000, 0x0000000100000000)
  eden space 49152K, 100% used [0x00000000d5580000,0x00000000d8580000,0x00000000d8580000)
  from space 7680K, 0% used [0x00000000d8580000,0x00000000d8580000,0x00000000d8d00000)
  to   space 7680K, 0% used [0x00000000d8d00000,0x00000000d8d00000,0x00000000d9480000)
 ParOldGen       total 71680K, used 7382K [0x0000000080000000, 0x0000000084600000, 0x00000000d5580000)
  object space 71680K, 10% used [0x0000000080000000,0x0000000080735910,0x0000000084600000)
 Metaspace       used 24476K, capacity 25228K, committed 25344K, reserved 1071104K
  class space    used 3569K, capacity 3772K, committed 3840K, reserved 1048576K
Event: 3.869 GC heap after
Heap after GC invocations=7 (full 1):
 PSYoungGen      total 52736K, used 4909K [0x00000000d5580000, 0x00000000dbf00000, 0x0000000100000000)
  eden space 45056K, 0% used [0x00000000d5580000,0x00000000d5580000,0x00000000d8180000)
  from space 7680K, 63% used [0x00000000d8d00000,0x00000000d91cb488,0x00000000d9480000)
  to   space 11776K, 0% used [0x00000000d8180000,0x00000000d8180000,0x00000000d8d00000)
 ParOldGen       total 71680K, used 7390K [0x0000000080000000, 0x0000000084600000, 0x00000000d5580000)
  object space 71680K, 10% used [0x0000000080000000,0x0000000080737910,0x0000000084600000)
 Metaspace       used 24476K, capacity 25228K, committed 25344K, reserved 1071104K
  class space    used 3569K, capacity 3772K, committed 3840K, reserved 1048576K
}
Event: 4.443 GC heap before
{Heap before GC invocations=8 (full 1):
 PSYoungGen      total 52736K, used 49965K [0x00000000d5580000, 0x00000000dbf00000, 0x0000000100000000)
  eden space 45056K, 100% used [0x00000000d5580000,0x00000000d8180000,0x00000000d8180000)
  from space 7680K, 63% used [0x00000000d8d00000,0x00000000d91cb488,0x00000000d9480000)
  to   space 11776K, 0% used [0x00000000d8180000,0x00000000d8180000,0x00000000d8d00000)
 ParOldGen       total 71680K, used 7390K [0x0000000080000000, 0x0000000084600000, 0x00000000d5580000)
  object space 71680K, 10% used [0x0000000080000000,0x0000000080737910,0x0000000084600000)
 Metaspace       used 30973K, capacity 31900K, committed 32000K, reserved 1077248K
  class space    used 4297K, capacity 4525K, committed 4608K, reserved 1048576K
Event: 4.449 GC heap after
Heap after GC invocations=8 (full 1):
 PSYoungGen      total 56832K, used 7520K [0x00000000d5580000, 0x00000000db600000, 0x0000000100000000)
  eden space 45056K, 0% used [0x00000000d5580000,0x00000000d5580000,0x00000000d8180000)
  from space 11776K, 63% used [0x00000000d8180000,0x00000000d88d8368,0x00000000d8d00000)
  to   space 11264K, 0% used [0x00000000dab00000,0x00000000dab00000,0x00000000db600000)
 ParOldGen       total 71680K, used 7398K [0x0000000080000000, 0x0000000084600000, 0x00000000d5580000)
  object space 71680K, 10% used [0x0000000080000000,0x0000000080739910,0x0000000084600000)
 Metaspace       used 30973K, capacity 31900K, committed 32000K, reserved 1077248K
  class space    used 4297K, capacity 4525K, committed 4608K, reserved 1048576K
}
Event: 4.865 GC heap before
{Heap before GC invocations=9 (full 1):
 PSYoungGen      total 56832K, used 52576K [0x00000000d5580000, 0x00000000db600000, 0x0000000100000000)
  eden space 45056K, 100% used [0x00000000d5580000,0x00000000d8180000,0x00000000d8180000)
  from space 11776K, 63% used [0x00000000d8180000,0x00000000d88d8368,0x00000000d8d00000)
  to   space 11264K, 0% used [0x00000000dab00000,0x00000000dab00000,0x00000000db600000)
 ParOldGen       total 71680K, used 7398K [0x0000000080000000, 0x0000000084600000, 0x00000000d5580000)
  object space 71680K, 10% used [0x0000000080000000,0x0000000080739910,0x0000000084600000)
 Metaspace       used 33059K, capacity 34134K, committed 34432K, reserved 1079296K
  class space    used 4634K, capacity 4882K, committed 4992K, reserved 1048576K
Event: 4.878 GC heap after
Heap after GC invocations=9 (full 1):
 PSYoungGen      total 87552K, used 8428K [0x00000000d5580000, 0x00000000db700000, 0x0000000100000000)
  eden space 76288K, 0% used [0x00000000d5580000,0x00000000d5580000,0x00000000da000000)
  from space 11264K, 74% used [0x00000000dab00000,0x00000000db33b270,0x00000000db600000)
  to   space 11264K, 0% used [0x00000000da000000,0x00000000da000000,0x00000000dab00000)
 ParOldGen       total 71680K, used 7406K [0x0000000080000000, 0x0000000084600000, 0x00000000d5580000)
  object space 71680K, 10% used [0x0000000080000000,0x000000008073b910,0x0000000084600000)
 Metaspace       used 33059K, capacity 34134K, committed 34432K, reserved 1079296K
  class space    used 4634K, capacity 4882K, committed 4992K, reserved 1048576K
}
Event: 5.105 GC heap before
{Heap before GC invocations=10 (full 1):
 PSYoungGen      total 87552K, used 32413K [0x00000000d5580000, 0x00000000db700000, 0x0000000100000000)
  eden space 76288K, 31% used [0x00000000d5580000,0x00000000d6cec4c0,0x00000000da000000)
  from space 11264K, 74% used [0x00000000dab00000,0x00000000db33b270,0x00000000db600000)
  to   space 11264K, 0% used [0x00000000da000000,0x00000000da000000,0x00000000dab00000)
 ParOldGen       total 71680K, used 7406K [0x0000000080000000, 0x0000000084600000, 0x00000000d5580000)
  object space 71680K, 10% used [0x0000000080000000,0x000000008073b910,0x0000000084600000)
 Metaspace       used 34155K, capacity 35278K, committed 35456K, reserved 1079296K
  class space    used 4813K, capacity 5126K, committed 5248K, reserved 1048576K
Event: 5.127 GC heap after
Heap after GC invocations=10 (full 1):
 PSYoungGen      total 87552K, used 6787K [0x00000000d5580000, 0x00000000db700000, 0x0000000100000000)
  eden space 76288K, 0% used [0x00000000d5580000,0x00000000d5580000,0x00000000da000000)
  from space 11264K, 60% used [0x00000000da000000,0x00000000da6a0c08,0x00000000dab00000)
  to   space 11264K, 0% used [0x00000000dab00000,0x00000000dab00000,0x00000000db600000)
 ParOldGen       total 71680K, used 8699K [0x0000000080000000, 0x0000000084600000, 0x00000000d5580000)
  object space 71680K, 12% used [0x0000000080000000,0x000000008087eea8,0x0000000084600000)
 Metaspace       used 34155K, capacity 35278K, committed 35456K, reserved 1079296K
  class space    used 4813K, capacity 5126K, committed 5248K, reserved 1048576K
}
Event: 5.127 GC heap before
{Heap before GC invocations=11 (full 2):
 PSYoungGen      total 87552K, used 6787K [0x00000000d5580000, 0x00000000db700000, 0x0000000100000000)
  eden space 76288K, 0% used [0x00000000d5580000,0x00000000d5580000,0x00000000da000000)
  from space 11264K, 60% used [0x00000000da000000,0x00000000da6a0c08,0x00000000dab00000)
  to   space 11264K, 0% used [0x00000000dab00000,0x00000000dab00000,0x00000000db600000)
 ParOldGen       total 71680K, used 8699K [0x0000000080000000, 0x0000000084600000, 0x00000000d5580000)
  object space 71680K, 12% used [0x0000000080000000,0x000000008087eea8,0x0000000084600000)
 Metaspace       used 34155K, capacity 35278K, committed 35456K, reserved 1079296K
  class space    used 4813K, capacity 5126K, committed 5248K, reserved 1048576K
Event: 5.315 GC heap after
Heap after GC invocations=11 (full 2):
 PSYoungGen      total 87552K, used 0K [0x00000000d5580000, 0x00000000db700000, 0x0000000100000000)
  eden space 76288K, 0% used [0x00000000d5580000,0x00000000d5580000,0x00000000da000000)
  from space 11264K, 0% used [0x00000000da000000,0x00000000da000000,0x00000000dab00000)
  to   space 11264K, 0% used [0x00000000dab00000,0x00000000dab00000,0x00000000db600000)
 ParOldGen       total 115200K, used 14362K [0x0000000080000000, 0x0000000087080000, 0x00000000d5580000)
  object space 115200K, 12% used [0x0000000080000000,0x0000000080e06978,0x0000000087080000)
 Metaspace       used 34155K, capacity 35278K, committed 35456K, reserved 1079296K
  class space    used 4813K, capacity 5126K, committed 5248K, reserved 1048576K
}

