# JRE version: Java(TM) SE Runtime Environment (8.0_162-b12) (build 1.8.0_162-b12)
# Java VM: Java HotSpot(TM) 64-Bit Server VM (25.162-b12 mixed mode windows-amd64 compressed oops)
Heap:
 PSYoungGen      total 280064K, used 180560K [0x00000000d5580000, 0x00000000e8c80000, 0x0000000100000000)
  eden space 266752K, 62% used [0x00000000d5580000,0x00000000df8db008,0x00000000e5a00000)
  from space 13312K, 99% used [0x00000000e7f80000,0x00000000e8c792a0,0x00000000e8c80000)
  to   space 15872K, 0% used [0x00000000e6d80000,0x00000000e6d80000,0x00000000e7d00000)
 ParOldGen       total 113664K, used 18023K [0x0000000080000000, 0x0000000086f00000, 0x00000000d5580000)
  object space 113664K, 15% used [0x0000000080000000,0x0000000081199c50,0x0000000086f00000)
 Metaspace       used 55696K, capacity 57948K, committed 58240K, reserved 1099776K
  class space    used 7753K, capacity 8259K, committed 8320K, reserved 1048576K
GC Heap History (10 events):
Event: 2.224 GC heap before
{Heap before GC invocations=6 (full 1):
 PSYoungGen      total 105984K, used 7028K [0x00000000d5580000, 0x00000000e2c80000, 0x0000000100000000)
  eden space 98304K, 0% used [0x00000000d5580000,0x00000000d5580000,0x00000000db580000)
  from space 7680K, 91% used [0x00000000db580000,0x00000000dbc5d040,0x00000000dbd00000)
  to   space 11776K, 0% used [0x00000000e2100000,0x00000000e2100000,0x00000000e2c80000)
 ParOldGen       total 130048K, used 3916K [0x0000000080000000, 0x0000000087f00000, 0x00000000d5580000)
  object space 130048K, 3% used [0x0000000080000000,0x00000000803d30d8,0x0000000087f00000)
 Metaspace       used 20586K, capacity 21246K, committed 21296K, reserved 1067008K
  class space    used 2954K, capacity 3169K, committed 3200K, reserved 1048576K
Event: 2.253 GC heap after
Heap after GC invocations=6 (full 1):
 PSYoungGen      total 105984K, used 0K [0x00000000d5580000, 0x00000000e2c80000, 0x0000000100000000)
  eden space 98304K, 0% used [0x00000000d5580000,0x00000000d5580000,0x00000000db580000)
  from space 7680K, 0% used [0x00000000db580000,0x00000000db580000,0x00000000dbd00000)
  to   space 11776K, 0% used [0x00000000e2100000,0x00000000e2100000,0x00000000e2c80000)
 ParOldGen       total 70656K, used 7383K [0x0000000080000000, 0x0000000084500000, 0x00000000d5580000)
  object space 70656K, 10% used [0x0000000080000000,0x0000000080735f40,0x0000000084500000)
 Metaspace       used 20586K, capacity 21246K, committed 21296K, reserved 1067008K
  class space    used 2954K, capacity 3169K, committed 3200K, reserved 1048576K
}
Event: 3.102 GC heap before
{Heap before GC invocations=7 (full 1):
 PSYoungGen      total 105984K, used 98304K [0x00000000d5580000, 0x00000000e2c80000, 0x0000000100000000)
  eden space 98304K, 100% used [0x00000000d5580000,0x00000000db580000,0x00000000db580000)
  from space 7680K, 0% used [0x00000000db580000,0x00000000db580000,0x00000000dbd00000)
  to   space 11776K, 0% used [0x00000000e2100000,0x00000000e2100000,0x00000000e2c80000)
 ParOldGen       total 70656K, used 7383K [0x0000000080000000, 0x0000000084500000, 0x00000000d5580000)
  object space 70656K, 10% used [0x0000000080000000,0x0000000080735f40,0x0000000084500000)
 Metaspace       used 31130K, capacity 32068K, committed 32256K, reserved 1077248K
  class space    used 4322K, capacity 4559K, committed 4608K, reserved 1048576K
Event: 3.111 GC heap after
Heap after GC invocations=7 (full 1):
 PSYoungGen      total 181760K, used 11254K [0x00000000d5580000, 0x00000000e2c00000, 0x0000000100000000)
  eden space 170496K, 0% used [0x00000000d5580000,0x00000000d5580000,0x00000000dfc00000)
  from space 11264K, 99% used [0x00000000e2100000,0x00000000e2bfdab8,0x00000000e2c00000)
  to   space 12800K, 0% used [0x00000000e1300000,0x00000000e1300000,0x00000000e1f80000)
 ParOldGen       total 70656K, used 7391K [0x0000000080000000, 0x0000000084500000, 0x00000000d5580000)
  object space 70656K, 10% used [0x0000000080000000,0x0000000080737f40,0x0000000084500000)
 Metaspace       used 31130K, capacity 32068K, committed 32256K, reserved 1077248K
  class space    used 4322K, capacity 4559K, committed 4608K, reserved 1048576K
}
Event: 3.507 GC heap before
{Heap before GC invocations=8 (full 1):
 PSYoungGen      total 181760K, used 78600K [0x00000000d5580000, 0x00000000e2c00000, 0x0000000100000000)
  eden space 170496K, 39% used [0x00000000d5580000,0x00000000d9744630,0x00000000dfc00000)
  from space 11264K, 99% used [0x00000000e2100000,0x00000000e2bfdab8,0x00000000e2c00000)
  to   space 12800K, 0% used [0x00000000e1300000,0x00000000e1300000,0x00000000e1f80000)
 ParOldGen       total 70656K, used 7391K [0x0000000080000000, 0x0000000084500000, 0x00000000d5580000)
  object space 70656K, 10% used [0x0000000080000000,0x0000000080737f40,0x0000000084500000)
 Metaspace       used 34136K, capacity 35274K, committed 35456K, reserved 1079296K
  class space    used 4812K, capacity 5126K, committed 5248K, reserved 1048576K
Event: 3.517 GC heap after
Heap after GC invocations=8 (full 1):
 PSYoungGen      total 206848K, used 9647K [0x00000000d5580000, 0x00000000e8c80000, 0x0000000100000000)
  eden space 194048K, 0% used [0x00000000d5580000,0x00000000d5580000,0x00000000e1300000)
  from space 12800K, 75% used [0x00000000e1300000,0x00000000e1c6bec8,0x00000000e1f80000)
  to   space 13312K, 0% used [0x00000000e7f80000,0x00000000e7f80000,0x00000000e8c80000)
 ParOldGen       total 70656K, used 7399K [0x0000000080000000, 0x0000000084500000, 0x00000000d5580000)
  object space 70656K, 10% used [0x0000000080000000,0x0000000080739f40,0x0000000084500000)
 Metaspace       used 34136K, capacity 35274K, committed 35456K, reserved 1079296K
  class space    used 4812K, capacity 5126K, committed 5248K, reserved 1048576K
}
Event: 3.517 GC heap before
{Heap before GC invocations=9 (full 2):
 PSYoungGen      total 206848K, used 9647K [0x00000000d5580000, 0x00000000e8c80000, 0x0000000100000000)
  eden space 194048K, 0% used [0x00000000d5580000,0x00000000d5580000,0x00000000e1300000)
  from space 12800K, 75% used [0x00000000e1300000,0x00000000e1c6bec8,0x00000000e1f80000)
  to   space 13312K, 0% used [0x00000000e7f80000,0x00000000e7f80000,0x00000000e8c80000)
 ParOldGen       total 70656K, used 7399K [0x0000000080000000, 0x0000000084500000, 0x00000000d5580000)
  object space 70656K, 10% used [0x0000000080000000,0x0000000080739f40,0x0000000084500000)
 Metaspace       used 34136K, capacity 35274K, committed 35456K, reserved 1079296K
  class space    used 4812K, capacity 5126K, committed 5248K, reserved 1048576K
Event: 3.617 GC heap after
Heap after GC invocations=9 (full 2):
 PSYoungGen      total 206848K, used 0K [0x00000000d5580000, 0x00000000e8c80000, 0x0000000100000000)
  eden space 194048K, 0% used [0x00000000d5580000,0x00000000d5580000,0x00000000e1300000)
  from space 12800K, 0% used [0x00000000e1300000,0x00000000e1300000,0x00000000e1f80000)
  to   space 13312K, 0% used [0x00000000e7f80000,0x00000000e7f80000,0x00000000e8c80000)
 ParOldGen       total 113664K, used 15911K [0x0000000080000000, 0x0000000086f00000, 0x00000000d5580000)
  object space 113664K, 13% used [0x0000000080000000,0x0000000080f89d70,0x0000000086f00000)
 Metaspace       used 34136K, capacity 35274K, committed 35456K, reserved 1079296K
  class space    used 4812K, capacity 5126K, committed 5248K, reserved 1048576K
}
Event: 4.982 GC heap before
{Heap before GC invocations=10 (full 2):
 PSYoungGen      total 206848K, used 194048K [0x00000000d5580000, 0x00000000e8c80000, 0x0000000100000000)
  eden space 194048K, 100% used [0x00000000d5580000,0x00000000e1300000,0x00000000e1300000)
  from space 12800K, 0% used [0x00000000e1300000,0x00000000e1300000,0x00000000e1f80000)
  to   space 13312K, 0% used [0x00000000e7f80000,0x00000000e7f80000,0x00000000e8c80000)
 ParOldGen       total 113664K, used 15911K [0x0000000080000000, 0x0000000086f00000, 0x00000000d5580000)
  object space 113664K, 13% used [0x0000000080000000,0x0000000080f89d70,0x0000000086f00000)
 Metaspace       used 44267K, capacity 46102K, committed 46336K, reserved 1089536K
  class space    used 6146K, capacity 6574K, committed 6656K, reserved 1048576K
Event: 4.993 GC heap after
Heap after GC invocations=10 (full 2):
 PSYoungGen      total 280064K, used 13284K [0x00000000d5580000, 0x00000000e8c80000, 0x0000000100000000)
  eden space 266752K, 0% used [0x00000000d5580000,0x00000000d5580000,0x00000000e5a00000)
  from space 13312K, 99% used [0x00000000e7f80000,0x00000000e8c792a0,0x00000000e8c80000)
  to   space 15872K, 0% used [0x00000000e6d80000,0x00000000e6d80000,0x00000000e7d00000)
 ParOldGen       total 113664K, used 18023K [0x0000000080000000, 0x0000000086f00000, 0x00000000d5580000)
  object space 113664K, 15% used [0x0000000080000000,0x0000000081199c50,0x0000000086f00000)
 Metaspace       used 44267K, capacity 46102K, committed 46336K, reserved 1089536K
  class space    used 6146K, capacity 6574K, committed 6656K, reserved 1048576K
}

