# JRE version: Java(TM) SE Runtime Environment (8.0_162-b12) (build 1.8.0_162-b12)
# Java VM: Java HotSpot(TM) 64-Bit Server VM (25.162-b12 mixed mode windows-amd64 compressed oops)
Heap:
 PSYoungGen      total 226816K, used 123866K [0x00000000d5580000, 0x00000000e5000000, 0x0000000100000000)
  eden space 208384K, 50% used [0x00000000d5580000,0x00000000dbc7e640,0x00000000e2100000)
  from space 18432K, 99% used [0x00000000e3e00000,0x00000000e4ff8400,0x00000000e5000000)
  to   space 23552K, 0% used [0x00000000e2200000,0x00000000e2200000,0x00000000e3900000)
 ParOldGen       total 113152K, used 82218K [0x0000000080000000, 0x0000000086e80000, 0x00000000d5580000)
  object space 113152K, 72% used [0x0000000080000000,0x000000008504a8c8,0x0000000086e80000)
 Metaspace       used 72319K, capacity 76240K, committed 76504K, reserved 1114112K
  class space    used 10167K, capacity 10994K, committed 11008K, reserved 1048576K
GC Heap History (10 events):
Event: 7.234 GC heap before
{Heap before GC invocations=13 (full 2):
 PSYoungGen      total 189440K, used 82050K [0x00000000d5580000, 0x00000000e2880000, 0x0000000100000000)
  eden space 176128K, 39% used [0x00000000d5580000,0x00000000d98a75b0,0x00000000e0180000)
  from space 13312K, 99% used [0x00000000e1380000,0x00000000e2079310,0x00000000e2080000)
  to   space 18432K, 0% used [0x00000000e0180000,0x00000000e0180000,0x00000000e1380000)
 ParOldGen       total 113152K, used 24653K [0x0000000080000000, 0x0000000086e80000, 0x00000000d5580000)
  object space 113152K, 21% used [0x0000000080000000,0x00000000818136f8,0x0000000086e80000)
 Metaspace       used 56516K, capacity 58948K, committed 59096K, reserved 1099776K
  class space    used 7899K, capacity 8426K, committed 8448K, reserved 1048576K
Event: 7.257 GC heap after
Heap after GC invocations=13 (full 2):
 PSYoungGen      total 194560K, used 18422K [0x00000000d5580000, 0x00000000e5380000, 0x0000000100000000)
  eden space 176128K, 0% used [0x00000000d5580000,0x00000000d5580000,0x00000000e0180000)
  from space 18432K, 99% used [0x00000000e0180000,0x00000000e137d928,0x00000000e1380000)
  to   space 22016K, 0% used [0x00000000e3e00000,0x00000000e3e00000,0x00000000e5380000)
 ParOldGen       total 113152K, used 28115K [0x0000000080000000, 0x0000000086e80000, 0x00000000d5580000)
  object space 113152K, 24% used [0x0000000080000000,0x0000000081b74e68,0x0000000086e80000)
 Metaspace       used 56516K, capacity 58948K, committed 59096K, reserved 1099776K
  class space    used 7899K, capacity 8426K, committed 8448K, reserved 1048576K
}
Event: 7.257 GC heap before
{Heap before GC invocations=14 (full 3):
 PSYoungGen      total 194560K, used 18422K [0x00000000d5580000, 0x00000000e5380000, 0x0000000100000000)
  eden space 176128K, 0% used [0x00000000d5580000,0x00000000d5580000,0x00000000e0180000)
  from space 18432K, 99% used [0x00000000e0180000,0x00000000e137d928,0x00000000e1380000)
  to   space 22016K, 0% used [0x00000000e3e00000,0x00000000e3e00000,0x00000000e5380000)
 ParOldGen       total 113152K, used 28115K [0x0000000080000000, 0x0000000086e80000, 0x00000000d5580000)
  object space 113152K, 24% used [0x0000000080000000,0x0000000081b74e68,0x0000000086e80000)
 Metaspace       used 56516K, capacity 58948K, committed 59096K, reserved 1099776K
  class space    used 7899K, capacity 8426K, committed 8448K, reserved 1048576K
Event: 7.446 GC heap after
Heap after GC invocations=14 (full 3):
 PSYoungGen      total 194560K, used 0K [0x00000000d5580000, 0x00000000e5380000, 0x0000000100000000)
  eden space 176128K, 0% used [0x00000000d5580000,0x00000000d5580000,0x00000000e0180000)
  from space 18432K, 0% used [0x00000000e0180000,0x00000000e0180000,0x00000000e1380000)
  to   space 22016K, 0% used [0x00000000e3e00000,0x00000000e3e00000,0x00000000e5380000)
 ParOldGen       total 113152K, used 36644K [0x0000000080000000, 0x0000000086e80000, 0x00000000d5580000)
  object space 113152K, 32% used [0x0000000080000000,0x00000000823c9078,0x0000000086e80000)
 Metaspace       used 56466K, capacity 58780K, committed 59096K, reserved 1099776K
  class space    used 7884K, capacity 8398K, committed 8448K, reserved 1048576K
}
Event: 9.010 GC heap before
{Heap before GC invocations=15 (full 3):
 PSYoungGen      total 194560K, used 176128K [0x00000000d5580000, 0x00000000e5380000, 0x0000000100000000)
  eden space 176128K, 100% used [0x00000000d5580000,0x00000000e0180000,0x00000000e0180000)
  from space 18432K, 0% used [0x00000000e0180000,0x00000000e0180000,0x00000000e1380000)
  to   space 22016K, 0% used [0x00000000e3e00000,0x00000000e3e00000,0x00000000e5380000)
 ParOldGen       total 113152K, used 36644K [0x0000000080000000, 0x0000000086e80000, 0x00000000d5580000)
  object space 113152K, 32% used [0x0000000080000000,0x00000000823c9078,0x0000000086e80000)
 Metaspace       used 64639K, capacity 67528K, committed 67800K, reserved 1107968K
  class space    used 9220K, capacity 9862K, committed 9984K, reserved 1048576K
Event: 9.026 GC heap after
Heap after GC invocations=15 (full 3):
 PSYoungGen      total 226816K, used 18109K [0x00000000d5580000, 0x00000000e5000000, 0x0000000100000000)
  eden space 208384K, 0% used [0x00000000d5580000,0x00000000d5580000,0x00000000e2100000)
  from space 18432K, 98% used [0x00000000e3e00000,0x00000000e4faf798,0x00000000e5000000)
  to   space 23552K, 0% used [0x00000000e2200000,0x00000000e2200000,0x00000000e3900000)
 ParOldGen       total 113152K, used 36652K [0x0000000080000000, 0x0000000086e80000, 0x00000000d5580000)
  object space 113152K, 32% used [0x0000000080000000,0x00000000823cb078,0x0000000086e80000)
 Metaspace       used 64639K, capacity 67528K, committed 67800K, reserved 1107968K
  class space    used 9220K, capacity 9862K, committed 9984K, reserved 1048576K
}
Event: 10.600 GC heap before
{Heap before GC invocations=16 (full 3):
 PSYoungGen      total 226816K, used 226493K [0x00000000d5580000, 0x00000000e5000000, 0x0000000100000000)
  eden space 208384K, 100% used [0x00000000d5580000,0x00000000e2100000,0x00000000e2100000)
  from space 18432K, 98% used [0x00000000e3e00000,0x00000000e4faf798,0x00000000e5000000)
  to   space 23552K, 0% used [0x00000000e2200000,0x00000000e2200000,0x00000000e3900000)
 ParOldGen       total 113152K, used 36652K [0x0000000080000000, 0x0000000086e80000, 0x00000000d5580000)
  object space 113152K, 32% used [0x0000000080000000,0x00000000823cb078,0x0000000086e80000)
 Metaspace       used 66810K, capacity 70528K, committed 70616K, reserved 1110016K
  class space    used 9435K, capacity 10190K, committed 10240K, reserved 1048576K
Event: 10.623 GC heap after
Heap after GC invocations=16 (full 3):
 PSYoungGen      total 231936K, used 23545K [0x00000000d5580000, 0x00000000e5000000, 0x0000000100000000)
  eden space 208384K, 0% used [0x00000000d5580000,0x00000000d5580000,0x00000000e2100000)
  from space 23552K, 99% used [0x00000000e2200000,0x00000000e38fe4f0,0x00000000e3900000)
  to   space 18432K, 0% used [0x00000000e3e00000,0x00000000e3e00000,0x00000000e5000000)
 ParOldGen       total 113152K, used 39689K [0x0000000080000000, 0x0000000086e80000, 0x00000000d5580000)
  object space 113152K, 35% used [0x0000000080000000,0x00000000826c2700,0x0000000086e80000)
 Metaspace       used 66810K, capacity 70528K, committed 70616K, reserved 1110016K
  class space    used 9435K, capacity 10190K, committed 10240K, reserved 1048576K
}
Event: 12.107 GC heap before
{Heap before GC invocations=17 (full 3):
 PSYoungGen      total 231936K, used 231929K [0x00000000d5580000, 0x00000000e5000000, 0x0000000100000000)
  eden space 208384K, 100% used [0x00000000d5580000,0x00000000e2100000,0x00000000e2100000)
  from space 23552K, 99% used [0x00000000e2200000,0x00000000e38fe4f0,0x00000000e3900000)
  to   space 18432K, 0% used [0x00000000e3e00000,0x00000000e3e00000,0x00000000e5000000)
 ParOldGen       total 113152K, used 39689K [0x0000000080000000, 0x0000000086e80000, 0x00000000d5580000)
  object space 113152K, 35% used [0x0000000080000000,0x00000000826c2700,0x0000000086e80000)
 Metaspace       used 71634K, capacity 75518K, committed 75608K, reserved 1114112K
  class space    used 10094K, capacity 10879K, committed 10880K, reserved 1048576K
Event: 12.146 GC heap after
Heap after GC invocations=17 (full 3):
 PSYoungGen      total 226816K, used 18401K [0x00000000d5580000, 0x00000000e5000000, 0x0000000100000000)
  eden space 208384K, 0% used [0x00000000d5580000,0x00000000d5580000,0x00000000e2100000)
  from space 18432K, 99% used [0x00000000e3e00000,0x00000000e4ff8400,0x00000000e5000000)
  to   space 23552K, 0% used [0x00000000e2200000,0x00000000e2200000,0x00000000e3900000)
 ParOldGen       total 113152K, used 82218K [0x0000000080000000, 0x0000000086e80000, 0x00000000d5580000)
  object space 113152K, 72% used [0x0000000080000000,0x000000008504a8c8,0x0000000086e80000)
 Metaspace       used 71634K, capacity 75518K, committed 75608K, reserved 1114112K
  class space    used 10094K, capacity 10879K, committed 10880K, reserved 1048576K
}

